#
# A fatal error has been detected by the Java Runtime Environment:
#
#  SIGSEGV (0xb) at pc=0x000000011191d3fd, pid=1980, tid=775
#
# JRE version: Java(TM) SE Runtime Environment (8.0_25-b17) (build 1.8.0_25-b17)
# Java VM: Java HotSpot(TM) 64-Bit Server VM (25.25-b02 mixed mode bsd-amd64 compressed oops)
# Problematic frame:
# C  [libglass.dylib+0x163fd]  GlassScreenDidChangeScreenParameters+0x9d
#
# Failed to write core dump. Core dumps have been disabled. To enable core dumping, try "ulimit -c unlimited" before starting Java again
#
# If you would like to submit a bug report, please visit:
#   http://bugreport.sun.com/bugreport/crash.jsp
#

---------------  T H R E A D  ---------------

Current thread is native thread

siginfo: si_signo: 11 (SIGSEGV), si_code: 1 (SEGV_MAPERR), si_addr: 0x0000000000000000

Registers:
RAX=0x000000011194fe40, RBX=0x0000000000000000, RCX=0x0000000000000103, RDX=0x00007fa57b6bbd80
RSP=0x00007fff58a67120, RBP=0x00007fff58a67130, RSI=0x00007fa57b505bf8, RDI=0x0000000000000000
R8 =0x0000000000000040, R9 =0x00007fff9831a040, R10=0xffffffffffffffff, R11=0x0000000000012068
R12=0x0000000000000000, R13=0x00007fa57b586050, R14=0x00007fa57b402a30, R15=0x0000000000000000
RIP=0x000000011191d3fd, EFLAGS=0x0000000000010202, ERR=0x0000000000000004
  TRAPNO=0x000000000000000e

Top of Stack: (sp=0x00007fff58a67120)
0x00007fff58a67120:   00007fa57b586500 00007fa57b402a30
0x00007fff58a67130:   00007fff58a67140 00007fff7a56159c
0x00007fff58a67140:   00007fff58a671b0 00007fff7a56149b
0x00007fff58a67150:   00000001071b0000 00007fff98315060
0x00007fff58a67160:   00000000c2000000 00007fff7a5614f0
0x00007fff58a67170:   00007fff94cf7680 00007fa57b586050
0x00007fff58a67180:   00007fa57b402a30 00007fff58a67978
0x00007fff58a67190:   00007fff8ed29b40 00007fff58a67280
0x00007fff58a671a0:   00007fa57b586050 00007fff78d11631
0x00007fff58a671b0:   00007fff58a671f0 00007fff7a561202
0x00007fff58a671c0:   00007fff58a677c0 0000000000000000
0x00007fff58a671d0:   00007fff8ed29b40 00007fff58a67280
0x00007fff58a671e0:   00007fff58a67978 00007fff78d11631
0x00007fff58a671f0:   00007fff58a67910 00007fff7a51e903
0x00007fff58a67200:   00007fff58a67220 00007fff7a4e0b20
0x00007fff58a67210:   00007fa57b7178a0 00007fff58a67860
0x00007fff58a67220:   00007fa57b6131e0 00007fff94cf8cb0
0x00007fff58a67230:   0000000000000000 00007fa57c1d5048
0x00007fff58a67240:   00007fa57b613101 00007fa57b652190
0x00007fff58a67250:   00007fff94e2af70 0000000000000000
0x00007fff58a67260:   00007fa57b586530 0000000000000000
0x00007fff58a67270:   0000000000000000 00007fff94d378a0
0x00007fff58a67280:   00007fff58a677c0 0000000000000001
0x00007fff58a67290:   0000000000000100 00007fff58a67200
0x00007fff58a672a0:   00007fff58a676c0 0000000000000000
0x00007fff58a672b0:   0000000000000100 00007fff94d38e00
0x00007fff58a672c0:   00007fff58a67860 0000000000000001
0x00007fff58a672d0:   00007fff58a67310 00007fff7a5195ac
0x00007fff58a672e0:   000000000000000d 00007fa57b7178a0
0x00007fff58a672f0:   00007fa57b7178a0 00007fff94d38e20
0x00007fff58a67300:   00007fa57b40a8c0 0000000000000001
0x00007fff58a67310:   00007fff58a67990 00007fff7a5190c9 

Instructions: (pc=0x000000011191d3fd)
0x000000011191d3dd:   89 df 4c 89 f1 41 ff 90 68 04 00 00 48 8d 05 58
0x000000011191d3ed:   29 03 00 48 8b 30 48 8d 05 46 2a 03 00 48 8b 10
0x000000011191d3fd:   48 8b 0b 30 c0 48 89 df ff 91 68 04 00 00 48 8b
0x000000011191d40d:   03 48 89 df ff 50 78 48 85 c0 74 36 49 89 c6 48 

Register to memory mapping:

RAX=0x000000011194fe40: jScreenNotifySettingsChanged+0 in /Library/Java/JavaVirtualMachines/jdk1.8.0_25.jdk/Contents/Home/jre/lib/libglass.dylib at 0x0000000111907000
RBX=0x0000000000000000 is an unknown value
RCX=0x0000000000000103 is an unknown value
RDX=0x00007fa57b6bbd80 is an unknown value
RSP=0x00007fff58a67120 is an unknown value
RBP=0x00007fff58a67130 is an unknown value
RSI=0x00007fa57b505bf8 is a global jni handle
RDI=0x0000000000000000 is an unknown value
R8 =0x0000000000000040 is an unknown value
R9 =0x00007fff9831a040: __sFX+0x1c0 in /usr/lib/system/libsystem_c.dylib at 0x00007fff8f64b000
R10=0xffffffffffffffff is an unknown value
R11=0x0000000000012068 is an unknown value
R12=0x0000000000000000 is an unknown value
R13=0x00007fa57b586050 is an unknown value
R14=0x00007fa57b402a30 is an unknown value
R15=0x0000000000000000 is an unknown value


Stack: [0x00007fff5826b000,0x00007fff58a6b000],  sp=0x00007fff58a67120,  free space=8176k
Native frames: (J=compiled Java code, j=interpreted, Vv=VM code, C=native code)
C  [libglass.dylib+0x163fd]  GlassScreenDidChangeScreenParameters+0x9d
C  [CoreFoundation+0x9d59c]  __CFNOTIFICATIONCENTER_IS_CALLING_OUT_TO_AN_OBSERVER__+0xc
C  [CoreFoundation+0x9d49b]  _CFXRegistrationPost+0x1ab
C  [CoreFoundation+0x9d202]  ___CFXNotificationPost_block_invoke+0x32
C  [CoreFoundation+0x5a903]  -[_CFXNotificationRegistrar find:object:observer:enumerator:]+0x723
C  [CoreFoundation+0x5993c]  _CFXNotificationPost+0x25c
C  [Foundation+0x70e3]  -[NSNotificationCenter postNotificationName:object:userInfo:]+0x42
C  [AppKit+0x3f01c6]  -[NSApplication _reactToScreenInvalidationImmediately:]+0x18f
C  [AppKit+0x3f0003]  __44-[NSApplication _reactToScreenInvalidation:]_block_invoke+0x3b
C  [CoreFoundation+0xa730c]  __CFRUNLOOP_IS_CALLING_OUT_TO_A_BLOCK__+0xc
C  [CoreFoundation+0x88384]  __CFRunLoopDoBlocks+0x164
C  [CoreFoundation+0x87ec6]  __CFRunLoopRun+0x756
C  [CoreFoundation+0x87514]  CFRunLoopRunSpecific+0x1a4
C  [java+0x56cc]  CreateExecutionEnvironment+0x367
C  [java+0x165c]  JLI_Launch+0x7a0
C  [java+0x768a]  main+0x65
C  [java+0xeb4]  start+0x34


---------------  P R O C E S S  ---------------

VM state:not at safepoint (normal execution)

VM Mutex/Monitor currently owned by a thread: None

Heap:
 PSYoungGen      total 38400K, used 9828K [0x0000000795580000, 0x0000000798000000, 0x00000007c0000000)
  eden space 33280K, 14% used [0x0000000795580000,0x0000000795a197d0,0x0000000797600000)
  from space 5120K, 99% used [0x0000000797b00000,0x0000000797fff8b8,0x0000000798000000)
  to   space 5120K, 0% used [0x0000000797600000,0x0000000797600000,0x0000000797b00000)
 ParOldGen       total 87552K, used 7519K [0x0000000740000000, 0x0000000745580000, 0x0000000795580000)
  object space 87552K, 8% used [0x0000000740000000,0x0000000740757ef0,0x0000000745580000)
 Metaspace       used 19781K, capacity 20320K, committed 20608K, reserved 1067008K
  class space    used 2480K, capacity 2622K, committed 2688K, reserved 1048576K

Card table byte_map: [0x0000000108edc000,0x00000001092dd000] byte_map_base: 0x00000001054dc000

Marking Bits: (ParMarkBitMap*) 0x000000010849d390
 Begin Bits: [0x0000000109588000, 0x000000010b588000)
 End Bits:   [0x000000010b588000, 0x000000010d588000)

Polling page: 0x0000000107253000

CodeCache: size=245760Kb used=7141Kb max_used=7141Kb free=238619Kb
 bounds [0x0000000116969000, 0x0000000117079000, 0x0000000125969000]
 total_blobs=3034 nmethods=2357 adapters=591
 compilation: enabled

Compilation events (10 events):
Event: 90.007 Thread 0x00007fa57c83b800 2606       3       jdk.internal.org.objectweb.asm.MethodWriter::visitEnd (1 bytes)
Event: 90.008 Thread 0x00007fa57c83b800 nmethod 2606 0x0000000117062f50 code [0x00000001170630a0, 0x00000001170631f0]
Event: 90.008 Thread 0x00007fa57c83b800 2607       3       jdk.internal.org.objectweb.asm.MethodWriter::getSize (838 bytes)
Event: 90.011 Thread 0x00007fa57c83b800 nmethod 2607 0x00000001170695d0 code [0x0000000117069a60, 0x000000011706bf28]
Event: 90.011 Thread 0x00007fa57c83b800 2601       3       java.lang.invoke.MemberName$Factory::resolveOrFail (52 bytes)
Event: 90.011 Thread 0x00007fa57c83b800 nmethod 2601 0x00000001170621d0 code [0x00000001170623a0, 0x0000000117062c78]
Event: 90.011 Thread 0x00007fa57c83b800 2602   !   3       java.lang.invoke.MemberName$Factory::resolve (140 bytes)
Event: 90.012 Thread 0x00007fa57c83b800 nmethod 2602 0x00000001170613d0 code [0x00000001170615c0, 0x0000000117061d68]
Event: 90.012 Thread 0x00007fa57c83b800 2604       3       java.lang.invoke.MemberName::access$002 (7 bytes)
Event: 90.012 Thread 0x00007fa57c83b800 nmethod 2604 0x0000000117061090 code [0x00000001170611e0, 0x0000000117061330]

GC Heap History (8 events):
Event: 1.191 GC heap before
{Heap before GC invocations=1 (full 0):
 PSYoungGen      total 38400K, used 33280K [0x0000000795580000, 0x0000000798000000, 0x00000007c0000000)
  eden space 33280K, 100% used [0x0000000795580000,0x0000000797600000,0x0000000797600000)
  from space 5120K, 0% used [0x0000000797b00000,0x0000000797b00000,0x0000000798000000)
  to   space 5120K, 0% used [0x0000000797600000,0x0000000797600000,0x0000000797b00000)
 ParOldGen       total 87552K, used 0K [0x0000000740000000, 0x0000000745580000, 0x0000000795580000)
  object space 87552K, 0% used [0x0000000740000000,0x0000000740000000,0x0000000745580000)
 Metaspace       used 14212K, capacity 14578K, committed 14848K, reserved 1062912K
  class space    used 1879K, capacity 2001K, committed 2048K, reserved 1048576K
Event: 1.201 GC heap after
Heap after GC invocations=1 (full 0):
 PSYoungGen      total 38400K, used 5089K [0x0000000795580000, 0x0000000798000000, 0x00000007c0000000)
  eden space 33280K, 0% used [0x0000000795580000,0x0000000795580000,0x0000000797600000)
  from space 5120K, 99% used [0x0000000797600000,0x0000000797af87c8,0x0000000797b00000)
  to   space 5120K, 0% used [0x0000000797b00000,0x0000000797b00000,0x0000000798000000)
 ParOldGen       total 87552K, used 341K [0x0000000740000000, 0x0000000745580000, 0x0000000795580000)
  object space 87552K, 0% used [0x0000000740000000,0x00000007400554f8,0x0000000745580000)
 Metaspace       used 14212K, capacity 14578K, committed 14848K, reserved 1062912K
  class space    used 1879K, capacity 2001K, committed 2048K, reserved 1048576K
}
Event: 11.259 GC heap before
{Heap before GC invocations=2 (full 0):
 PSYoungGen      total 38400K, used 38369K [0x0000000795580000, 0x0000000798000000, 0x00000007c0000000)
  eden space 33280K, 100% used [0x0000000795580000,0x0000000797600000,0x0000000797600000)
  from space 5120K, 99% used [0x0000000797600000,0x0000000797af87c8,0x0000000797b00000)
  to   space 5120K, 0% used [0x0000000797b00000,0x0000000797b00000,0x0000000798000000)
 ParOldGen       total 87552K, used 341K [0x0000000740000000, 0x0000000745580000, 0x0000000795580000)
  object space 87552K, 0% used [0x0000000740000000,0x00000007400554f8,0x0000000745580000)
 Metaspace       used 19044K, capacity 19540K, committed 19840K, reserved 1067008K
  class space    used 2452K, capacity 2594K, committed 2688K, reserved 1048576K
Event: 11.270 GC heap after
Heap after GC invocations=2 (full 0):
 PSYoungGen      total 38400K, used 5095K [0x0000000795580000, 0x0000000798000000, 0x00000007c0000000)
  eden space 33280K, 0% used [0x0000000795580000,0x0000000795580000,0x0000000797600000)
  from space 5120K, 99% used [0x0000000797b00000,0x0000000797ff9f78,0x0000000798000000)
  to   space 5120K, 0% used [0x0000000797600000,0x0000000797600000,0x0000000797b00000)
 ParOldGen       total 87552K, used 4898K [0x0000000740000000, 0x0000000745580000, 0x0000000795580000)
  object space 87552K, 5% used [0x0000000740000000,0x00000007404c88e8,0x0000000745580000)
 Metaspace       used 19044K, capacity 19540K, committed 19840K, reserved 1067008K
  class space    used 2452K, capacity 2594K, committed 2688K, reserved 1048576K
}
Event: 29.610 GC heap before
{Heap before GC invocations=3 (full 0):
 PSYoungGen      total 38400K, used 38277K [0x0000000795580000, 0x0000000798000000, 0x00000007c0000000)
  eden space 33280K, 99% used [0x0000000795580000,0x00000007975e77d8,0x0000000797600000)
  from space 5120K, 99% used [0x0000000797b00000,0x0000000797ff9f78,0x0000000798000000)
  to   space 5120K, 0% used [0x0000000797600000,0x0000000797600000,0x0000000797b00000)
 ParOldGen       total 87552K, used 4898K [0x0000000740000000, 0x0000000745580000, 0x0000000795580000)
  object space 87552K, 5% used [0x0000000740000000,0x00000007404c88e8,0x0000000745580000)
 Metaspace       used 19341K, capacity 19884K, committed 20096K, reserved 1067008K
  class space    used 2461K, capacity 2598K, committed 2688K, reserved 1048576K
Event: 29.617 GC heap after
Heap after GC invocations=3 (full 0):
 PSYoungGen      total 38400K, used 5119K [0x0000000795580000, 0x0000000798000000, 0x00000007c0000000)
  eden space 33280K, 0% used [0x0000000795580000,0x0000000795580000,0x0000000797600000)
  from space 5120K, 99% used [0x0000000797600000,0x0000000797afff78,0x0000000797b00000)
  to   space 5120K, 0% used [0x0000000797b00000,0x0000000797b00000,0x0000000798000000)
 ParOldGen       total 87552K, used 6172K [0x0000000740000000, 0x0000000745580000, 0x0000000795580000)
  object space 87552K, 7% used [0x0000000740000000,0x0000000740607310,0x0000000745580000)
 Metaspace       used 19341K, capacity 19884K, committed 20096K, reserved 1067008K
  class space    used 2461K, capacity 2598K, committed 2688K, reserved 1048576K
}
Event: 64.259 GC heap before
{Heap before GC invocations=4 (full 0):
 PSYoungGen      total 38400K, used 38399K [0x0000000795580000, 0x0000000798000000, 0x00000007c0000000)
  eden space 33280K, 100% used [0x0000000795580000,0x0000000797600000,0x0000000797600000)
  from space 5120K, 99% used [0x0000000797600000,0x0000000797afff78,0x0000000797b00000)
  to   space 5120K, 0% used [0x0000000797b00000,0x0000000797b00000,0x0000000798000000)
 ParOldGen       total 87552K, used 6172K [0x0000000740000000, 0x0000000745580000, 0x0000000795580000)
  object space 87552K, 7% used [0x0000000740000000,0x0000000740607310,0x0000000745580000)
 Metaspace       used 19613K, capacity 20150K, committed 20352K, reserved 1067008K
  class space    used 2471K, capacity 2613K, committed 2688K, reserved 1048576K
Event: 64.266 GC heap after
Heap after GC invocations=4 (full 0):
 PSYoungGen      total 38400K, used 5118K [0x0000000795580000, 0x0000000798000000, 0x00000007c0000000)
  eden space 33280K, 0% used [0x0000000795580000,0x0000000795580000,0x0000000797600000)
  from space 5120K, 99% used [0x0000000797b00000,0x0000000797fff8b8,0x0000000798000000)
  to   space 5120K, 0% used [0x0000000797600000,0x0000000797600000,0x0000000797b00000)
 ParOldGen       total 87552K, used 7519K [0x0000000740000000, 0x0000000745580000, 0x0000000795580000)
  object space 87552K, 8% used [0x0000000740000000,0x0000000740757ef0,0x0000000745580000)
 Metaspace       used 19613K, capacity 20150K, committed 20352K, reserved 1067008K
  class space    used 2471K, capacity 2613K, committed 2688K, reserved 1048576K
}

Deoptimization events (10 events):
Event: 0.907 Thread 0x00007fa57c1b6800 Uncommon trap: reason=class_check action=maybe_recompile pc=0x0000000116a99b5c method=java.lang.String.equals(Ljava/lang/Object;)Z @ 8
Event: 1.440 Thread 0x00007fa57c1b6800 Uncommon trap: reason=unloaded action=reinterpret pc=0x0000000116ce5954 method=java.lang.CharacterData.of(I)Ljava/lang/CharacterData; @ 96
Event: 1.491 Thread 0x00007fa57c1b6800 Uncommon trap: reason=bimorphic action=maybe_recompile pc=0x0000000116cf01e0 method=java.io.DataInputStream.readChar()C @ 4
Event: 1.491 Thread 0x00007fa57c1b6800 Uncommon trap: reason=bimorphic action=maybe_recompile pc=0x0000000116cf01e0 method=java.io.DataInputStream.readChar()C @ 4
Event: 1.491 Thread 0x00007fa57c1b6800 Uncommon trap: reason=bimorphic action=maybe_recompile pc=0x0000000116cf01e0 method=java.io.DataInputStream.readChar()C @ 4
Event: 1.491 Thread 0x00007fa57c1b6800 Uncommon trap: reason=bimorphic action=maybe_recompile pc=0x0000000116cf01e0 method=java.io.DataInputStream.readChar()C @ 4
Event: 11.671 Thread 0x00007fa57cd70000 Uncommon trap: reason=bimorphic action=maybe_recompile pc=0x0000000116f0b554 method=java.util.regex.Pattern$CharProperty.match(Ljava/util/regex/Matcher;ILjava/lang/CharSequence;)Z @ 37
Event: 11.671 Thread 0x00007fa57cd70000 Uncommon trap: reason=bimorphic action=maybe_recompile pc=0x0000000116f0b554 method=java.util.regex.Pattern$CharProperty.match(Ljava/util/regex/Matcher;ILjava/lang/CharSequence;)Z @ 37
Event: 12.973 Thread 0x00007fa57cd70000 Uncommon trap: reason=bimorphic action=maybe_recompile pc=0x0000000116f0b554 method=java.util.regex.Pattern$CharProperty.match(Ljava/util/regex/Matcher;ILjava/lang/CharSequence;)Z @ 37
Event: 22.932 Thread 0x00007fa57c36c000 Uncommon trap: reason=bimorphic action=maybe_recompile pc=0x0000000116f0b554 method=java.util.regex.Pattern$CharProperty.match(Ljava/util/regex/Matcher;ILjava/lang/CharSequence;)Z @ 37

Internal exceptions (10 events):
Event: 56.378 Thread 0x00007fa57ca07800 Exception <a 'java/security/PrivilegedActionException'> (0x00000007973152d8) thrown at [/HUDSON3/workspace/8-2-build-macosx-x86_64/jdk8u25/1514/hotspot/src/share/vm/prims/jvm.cpp, line 1312]
Event: 56.378 Thread 0x00007fa57ca07800 Exception <a 'java/security/PrivilegedActionException'> (0x0000000797318ad8) thrown at [/HUDSON3/workspace/8-2-build-macosx-x86_64/jdk8u25/1514/hotspot/src/share/vm/prims/jvm.cpp, line 1312]
Event: 63.971 Thread 0x00007fa57c3ef800 Exception <a 'java/security/PrivilegedActionException'> (0x00000007974c83e8) thrown at [/HUDSON3/workspace/8-2-build-macosx-x86_64/jdk8u25/1514/hotspot/src/share/vm/prims/jvm.cpp, line 1312]
Event: 63.971 Thread 0x00007fa57c3ef800 Exception <a 'java/security/PrivilegedActionException'> (0x00000007974cba58) thrown at [/HUDSON3/workspace/8-2-build-macosx-x86_64/jdk8u25/1514/hotspot/src/share/vm/prims/jvm.cpp, line 1312]
Event: 64.268 Thread 0x00007fa57ba03000 Exception <a 'java/security/PrivilegedActionException'> (0x0000000795630440) thrown at [/HUDSON3/workspace/8-2-build-macosx-x86_64/jdk8u25/1514/hotspot/src/share/vm/prims/jvm.cpp, line 1312]
Event: 64.269 Thread 0x00007fa57ba03000 Exception <a 'java/security/PrivilegedActionException'> (0x0000000795633ab0) thrown at [/HUDSON3/workspace/8-2-build-macosx-x86_64/jdk8u25/1514/hotspot/src/share/vm/prims/jvm.cpp, line 1312]
Event: 67.904 Thread 0x00007fa57ca6e000 Exception <a 'java/security/PrivilegedActionException'> (0x0000000795825050) thrown at [/HUDSON3/workspace/8-2-build-macosx-x86_64/jdk8u25/1514/hotspot/src/share/vm/prims/jvm.cpp, line 1312]
Event: 67.904 Thread 0x00007fa57ca6e000 Exception <a 'java/security/PrivilegedActionException'> (0x0000000795828948) thrown at [/HUDSON3/workspace/8-2-build-macosx-x86_64/jdk8u25/1514/hotspot/src/share/vm/prims/jvm.cpp, line 1312]
Event: 68.315 Thread 0x00007fa57ca6e000 Exception <a 'java/security/PrivilegedActionException'> (0x00000007958fb930) thrown at [/HUDSON3/workspace/8-2-build-macosx-x86_64/jdk8u25/1514/hotspot/src/share/vm/prims/jvm.cpp, line 1312]
Event: 68.316 Thread 0x00007fa57ca6e000 Exception <a 'java/security/PrivilegedActionException'> (0x00000007959026b8) thrown at [/HUDSON3/workspace/8-2-build-macosx-x86_64/jdk8u25/1514/hotspot/src/share/vm/prims/jvm.cpp, line 1312]

Events (10 events):
Event: 90.000 loading class javafx/application/Application done
Event: 90.004 loading class com/sun/javafx/tk/quantum/QuantumRenderer
Event: 90.004 loading class com/sun/javafx/tk/quantum/QuantumRenderer done
Event: 90.005 loading class com/sun/javafx/tk/quantum/QuantumToolkit
Event: 90.005 loading class com/sun/javafx/tk/quantum/QuantumToolkit done
Event: 90.005 Thread 0x00007fa57b85e800 Thread exited: 0x00007fa57b85e800
Event: 90.006 Thread 0x00007fa57c9a6000 Thread exited: 0x00007fa57c9a6000
Event: 90.006 Thread 0x00007fa57b803000 Thread exited: 0x00007fa57b803000
Event: 90.006 Thread 0x00007fa57b803000 Thread added: 0x00007fa57b803000
Event: 90.010 Thread 0x00007fa57c1b6800 Thread exited: 0x00007fa57c1b6800


Dynamic libraries:
0x0000000005336000 	/System/Library/Frameworks/Cocoa.framework/Versions/A/Cocoa
0x0000000005336000 	/System/Library/Frameworks/Security.framework/Versions/A/Security
0x0000000005336000 	/System/Library/Frameworks/ApplicationServices.framework/Versions/A/ApplicationServices
0x0000000005336000 	/usr/lib/libz.1.dylib
0x0000000005336000 	/usr/lib/libSystem.B.dylib
0x0000000005336000 	/usr/lib/libobjc.A.dylib
0x0000000005336000 	/System/Library/Frameworks/CoreFoundation.framework/Versions/A/CoreFoundation
0x0000000005336000 	/System/Library/Frameworks/Foundation.framework/Versions/C/Foundation
0x0000000005336000 	/System/Library/Frameworks/AppKit.framework/Versions/C/AppKit
0x0000000005336000 	/System/Library/Frameworks/CoreData.framework/Versions/A/CoreData
0x0000000005336000 	/System/Library/PrivateFrameworks/RemoteViewServices.framework/Versions/A/RemoteViewServices
0x0000000005336000 	/System/Library/PrivateFrameworks/UIFoundation.framework/Versions/A/UIFoundation
0x0000000005336000 	/usr/lib/libenergytrace.dylib
0x0000000005336000 	/System/Library/PrivateFrameworks/SkyLight.framework/Versions/A/SkyLight
0x0000000005336000 	/System/Library/Frameworks/CoreGraphics.framework/Versions/A/CoreGraphics
0x0000000005336000 	/usr/lib/libScreenReader.dylib
0x0000000005336000 	/System/Library/Frameworks/Accelerate.framework/Versions/A/Accelerate
0x0000000005336000 	/System/Library/Frameworks/IOSurface.framework/Versions/A/IOSurface
0x0000000005336000 	/System/Library/Frameworks/AudioToolbox.framework/Versions/A/AudioToolbox
0x0000000005336000 	/System/Library/Frameworks/AudioUnit.framework/Versions/A/AudioUnit
0x0000000005336000 	/System/Library/PrivateFrameworks/DataDetectorsCore.framework/Versions/A/DataDetectorsCore
0x0000000005336000 	/System/Library/PrivateFrameworks/DesktopServicesPriv.framework/Versions/A/DesktopServicesPriv
0x0000000005336000 	/System/Library/Frameworks/Carbon.framework/Versions/A/Frameworks/HIToolbox.framework/Versions/A/HIToolbox
0x0000000005336000 	/usr/lib/libicucore.A.dylib
0x0000000005336000 	/System/Library/Frameworks/QuartzCore.framework/Versions/A/QuartzCore
0x0000000005336000 	/System/Library/Frameworks/Carbon.framework/Versions/A/Frameworks/SpeechRecognition.framework/Versions/A/SpeechRecognition
0x0000000005336000 	/usr/lib/libauto.dylib
0x0000000005336000 	/usr/lib/libxml2.2.dylib
0x0000000005336000 	/System/Library/PrivateFrameworks/CoreUI.framework/Versions/A/CoreUI
0x0000000005336000 	/System/Library/Frameworks/CoreAudio.framework/Versions/A/CoreAudio
0x0000000005336000 	/System/Library/Frameworks/DiskArbitration.framework/Versions/A/DiskArbitration
0x0000000005336000 	/usr/lib/liblangid.dylib
0x0000000005336000 	/System/Library/PrivateFrameworks/MultitouchSupport.framework/Versions/A/MultitouchSupport
0x0000000005336000 	/System/Library/Frameworks/IOKit.framework/Versions/A/IOKit
0x0000000005336000 	/usr/lib/libDiagnosticMessagesClient.dylib
0x0000000005336000 	/System/Library/Frameworks/CoreServices.framework/Versions/A/CoreServices
0x0000000005336000 	/System/Library/PrivateFrameworks/PerformanceAnalysis.framework/Versions/A/PerformanceAnalysis
0x0000000005336000 	/System/Library/PrivateFrameworks/GenerationalStorage.framework/Versions/A/GenerationalStorage
0x0000000005336000 	/System/Library/Frameworks/OpenGL.framework/Versions/A/OpenGL
0x0000000005336000 	/System/Library/Frameworks/CoreImage.framework/Versions/A/CoreImage
0x0000000005336000 	/System/Library/Frameworks/CoreText.framework/Versions/A/CoreText
0x0000000005336000 	/System/Library/Frameworks/ImageIO.framework/Versions/A/ImageIO
0x0000000005336000 	/System/Library/PrivateFrameworks/Backup.framework/Versions/A/Backup
0x0000000005336000 	/usr/lib/libarchive.2.dylib
0x0000000005336000 	/System/Library/Frameworks/CFNetwork.framework/Versions/A/CFNetwork
0x0000000005336000 	/System/Library/Frameworks/SystemConfiguration.framework/Versions/A/SystemConfiguration
0x0000000005336000 	/usr/lib/libCRFSuite.dylib
0x0000000005336000 	/usr/lib/libc++.1.dylib
0x0000000005336000 	/usr/lib/libc++abi.dylib
0x0000000005336000 	/usr/lib/system/libcache.dylib
0x0000000005336000 	/usr/lib/system/libcommonCrypto.dylib
0x0000000005336000 	/usr/lib/system/libcompiler_rt.dylib
0x0000000005336000 	/usr/lib/system/libcopyfile.dylib
0x0000000005336000 	/usr/lib/system/libcorecrypto.dylib
0x0000000005336000 	/usr/lib/system/libdispatch.dylib
0x0000000005336000 	/usr/lib/system/libdyld.dylib
0x0000000005336000 	/usr/lib/system/libkeymgr.dylib
0x0000000005336000 	/usr/lib/system/liblaunch.dylib
0x0000000005336000 	/usr/lib/system/libmacho.dylib
0x0000000005336000 	/usr/lib/system/libquarantine.dylib
0x0000000005336000 	/usr/lib/system/libremovefile.dylib
0x0000000005336000 	/usr/lib/system/libsystem_asl.dylib
0x0000000005336000 	/usr/lib/system/libsystem_blocks.dylib
0x0000000005336000 	/usr/lib/system/libsystem_c.dylib
0x0000000005336000 	/usr/lib/system/libsystem_configuration.dylib
0x0000000005336000 	/usr/lib/system/libsystem_coreservices.dylib
0x0000000005336000 	/usr/lib/system/libsystem_coretls.dylib
0x0000000005336000 	/usr/lib/system/libsystem_dnssd.dylib
0x0000000005336000 	/usr/lib/system/libsystem_info.dylib
0x0000000005336000 	/usr/lib/system/libsystem_kernel.dylib
0x0000000005336000 	/usr/lib/system/libsystem_m.dylib
0x0000000005336000 	/usr/lib/system/libsystem_malloc.dylib
0x0000000005336000 	/usr/lib/system/libsystem_network.dylib
0x0000000005336000 	/usr/lib/system/libsystem_networkextension.dylib
0x0000000005336000 	/usr/lib/system/libsystem_notify.dylib
0x0000000005336000 	/usr/lib/system/libsystem_platform.dylib
0x0000000005336000 	/usr/lib/system/libsystem_pthread.dylib
0x0000000005336000 	/usr/lib/system/libsystem_sandbox.dylib
0x0000000005336000 	/usr/lib/system/libsystem_secinit.dylib
0x0000000005336000 	/usr/lib/system/libsystem_symptoms.dylib
0x0000000005336000 	/usr/lib/system/libsystem_trace.dylib
0x0000000005336000 	/usr/lib/system/libunwind.dylib
0x0000000005336000 	/usr/lib/system/libxpc.dylib
0x0000000005336000 	/usr/lib/libbsm.0.dylib
0x0000000005336000 	/usr/lib/system/libkxld.dylib
0x0000000005336000 	/usr/lib/libcoretls.dylib
0x0000000005336000 	/usr/lib/libcoretls_cfhelpers.dylib
0x0000000005336000 	/usr/lib/libxar.1.dylib
0x0000000005336000 	/usr/lib/libsqlite3.dylib
0x0000000005336000 	/usr/lib/libpam.2.dylib
0x0000000005336000 	/usr/lib/libOpenScriptingUtil.dylib
0x0000000005336000 	/usr/lib/libbz2.1.0.dylib
0x0000000005336000 	/usr/lib/liblzma.5.dylib
0x0000000005336000 	/usr/lib/libnetwork.dylib
0x0000000005336000 	/usr/lib/libpcap.A.dylib
0x0000000005336000 	/System/Library/Frameworks/CoreServices.framework/Versions/A/Frameworks/FSEvents.framework/Versions/A/FSEvents
0x0000000005336000 	/System/Library/Frameworks/CoreServices.framework/Versions/A/Frameworks/CarbonCore.framework/Versions/A/CarbonCore
0x0000000005336000 	/System/Library/Frameworks/CoreServices.framework/Versions/A/Frameworks/Metadata.framework/Versions/A/Metadata
0x0000000005336000 	/System/Library/Frameworks/CoreServices.framework/Versions/A/Frameworks/OSServices.framework/Versions/A/OSServices
0x0000000005336000 	/System/Library/Frameworks/CoreServices.framework/Versions/A/Frameworks/SearchKit.framework/Versions/A/SearchKit
0x0000000005336000 	/System/Library/Frameworks/CoreServices.framework/Versions/A/Frameworks/AE.framework/Versions/A/AE
0x0000000005336000 	/System/Library/Frameworks/CoreServices.framework/Versions/A/Frameworks/LaunchServices.framework/Versions/A/LaunchServices
0x0000000005336000 	/System/Library/Frameworks/CoreServices.framework/Versions/A/Frameworks/DictionaryServices.framework/Versions/A/DictionaryServices
0x0000000005336000 	/System/Library/Frameworks/CoreServices.framework/Versions/A/Frameworks/SharedFileList.framework/Versions/A/SharedFileList
0x0000000005336000 	/System/Library/Frameworks/NetFS.framework/Versions/A/NetFS
0x0000000005336000 	/System/Library/PrivateFrameworks/NetAuth.framework/Versions/A/NetAuth
0x0000000005336000 	/System/Library/PrivateFrameworks/login.framework/Versions/A/Frameworks/loginsupport.framework/Versions/A/loginsupport
0x0000000005336000 	/System/Library/PrivateFrameworks/TCC.framework/Versions/A/TCC
0x0000000005336000 	/usr/lib/libmecabra.dylib
0x0000000005336000 	/System/Library/Frameworks/ApplicationServices.framework/Versions/A/Frameworks/ATS.framework/Versions/A/ATS
0x0000000005336000 	/System/Library/Frameworks/ApplicationServices.framework/Versions/A/Frameworks/ColorSync.framework/Versions/A/ColorSync
0x0000000005336000 	/System/Library/Frameworks/ApplicationServices.framework/Versions/A/Frameworks/HIServices.framework/Versions/A/HIServices
0x0000000005336000 	/System/Library/Frameworks/ApplicationServices.framework/Versions/A/Frameworks/LangAnalysis.framework/Versions/A/LangAnalysis
0x0000000005336000 	/System/Library/Frameworks/ApplicationServices.framework/Versions/A/Frameworks/PrintCore.framework/Versions/A/PrintCore
0x0000000005336000 	/System/Library/Frameworks/ApplicationServices.framework/Versions/A/Frameworks/QD.framework/Versions/A/QD
0x0000000005336000 	/System/Library/Frameworks/ApplicationServices.framework/Versions/A/Frameworks/SpeechSynthesis.framework/Versions/A/SpeechSynthesis
0x0000000005336000 	/System/Library/Frameworks/Accelerate.framework/Versions/A/Frameworks/vImage.framework/Versions/A/vImage
0x0000000005336000 	/System/Library/Frameworks/Accelerate.framework/Versions/A/Frameworks/vecLib.framework/Versions/A/vecLib
0x0000000005336000 	/System/Library/Frameworks/Accelerate.framework/Versions/A/Frameworks/vecLib.framework/Versions/A/libvDSP.dylib
0x0000000005336000 	/System/Library/Frameworks/Accelerate.framework/Versions/A/Frameworks/vecLib.framework/Versions/A/libBNNS.dylib
0x0000000005336000 	/System/Library/Frameworks/Accelerate.framework/Versions/A/Frameworks/vecLib.framework/Versions/A/libQuadrature.dylib
0x0000000005336000 	/System/Library/Frameworks/Accelerate.framework/Versions/A/Frameworks/vecLib.framework/Versions/A/libvMisc.dylib
0x0000000005336000 	/System/Library/Frameworks/Accelerate.framework/Versions/A/Frameworks/vecLib.framework/Versions/A/libLAPACK.dylib
0x0000000005336000 	/System/Library/Frameworks/Accelerate.framework/Versions/A/Frameworks/vecLib.framework/Versions/A/libBLAS.dylib
0x0000000005336000 	/System/Library/Frameworks/Accelerate.framework/Versions/A/Frameworks/vecLib.framework/Versions/A/libLinearAlgebra.dylib
0x0000000005336000 	/System/Library/Frameworks/Accelerate.framework/Versions/A/Frameworks/vecLib.framework/Versions/A/libSparseBLAS.dylib
0x0000000005336000 	/System/Library/Frameworks/ApplicationServices.framework/Versions/A/Frameworks/ATS.framework/Versions/A/Resources/libFontParser.dylib
0x0000000005336000 	/System/Library/Frameworks/ApplicationServices.framework/Versions/A/Frameworks/ATS.framework/Versions/A/Resources/libFontRegistry.dylib
0x0000000005336000 	/System/Library/Frameworks/ImageIO.framework/Versions/A/Resources/libJPEG.dylib
0x0000000005336000 	/System/Library/Frameworks/ImageIO.framework/Versions/A/Resources/libTIFF.dylib
0x0000000005336000 	/System/Library/Frameworks/ImageIO.framework/Versions/A/Resources/libPng.dylib
0x0000000005336000 	/System/Library/Frameworks/ImageIO.framework/Versions/A/Resources/libGIF.dylib
0x0000000005336000 	/System/Library/Frameworks/ImageIO.framework/Versions/A/Resources/libJP2.dylib
0x0000000005336000 	/System/Library/Frameworks/ImageIO.framework/Versions/A/Resources/libRadiance.dylib
0x0000000005336000 	/usr/lib/libcompression.dylib
0x0000000005336000 	/System/Library/PrivateFrameworks/AppleJPEG.framework/Versions/A/AppleJPEG
0x0000000005336000 	/usr/lib/libcups.2.dylib
0x0000000005336000 	/System/Library/Frameworks/Kerberos.framework/Versions/A/Kerberos
0x0000000005336000 	/System/Library/Frameworks/GSS.framework/Versions/A/GSS
0x0000000005336000 	/usr/lib/libresolv.9.dylib
0x0000000005336000 	/usr/lib/libiconv.2.dylib
0x0000000005336000 	/System/Library/PrivateFrameworks/Heimdal.framework/Versions/A/Heimdal
0x0000000005336000 	/usr/lib/libheimdal-asn1.dylib
0x0000000005336000 	/System/Library/Frameworks/OpenDirectory.framework/Versions/A/OpenDirectory
0x0000000005336000 	/System/Library/PrivateFrameworks/CommonAuth.framework/Versions/A/CommonAuth
0x0000000005336000 	/System/Library/Frameworks/OpenDirectory.framework/Versions/A/Frameworks/CFOpenDirectory.framework/Versions/A/CFOpenDirectory
0x0000000005336000 	/System/Library/Frameworks/SecurityFoundation.framework/Versions/A/SecurityFoundation
0x0000000005336000 	/System/Library/PrivateFrameworks/LanguageModeling.framework/Versions/A/LanguageModeling
0x0000000005336000 	/usr/lib/libmarisa.dylib
0x0000000005336000 	/usr/lib/libChineseTokenizer.dylib
0x0000000005336000 	/usr/lib/libcmph.dylib
0x0000000005336000 	/System/Library/PrivateFrameworks/CoreEmoji.framework/Versions/A/CoreEmoji
0x0000000005336000 	/System/Library/Frameworks/ServiceManagement.framework/Versions/A/ServiceManagement
0x0000000005336000 	/usr/lib/libxslt.1.dylib
0x0000000005336000 	/System/Library/Frameworks/Carbon.framework/Versions/A/Frameworks/Ink.framework/Versions/A/Ink
0x0000000005336000 	/System/Library/PrivateFrameworks/TextureIO.framework/Versions/A/TextureIO
0x0000000005336000 	/System/Library/Frameworks/Metal.framework/Versions/A/Metal
0x0000000005336000 	/usr/lib/libate.dylib
0x0000000005336000 	/System/Library/PrivateFrameworks/GPUCompiler.framework/libmetal_timestamp.dylib
0x0000000005336000 	/System/Library/Frameworks/OpenGL.framework/Versions/A/Libraries/libCoreFSCache.dylib
0x0000000005336000 	/System/Library/PrivateFrameworks/IOAccelerator.framework/Versions/A/IOAccelerator
0x0000000005336000 	/System/Library/Frameworks/CoreVideo.framework/Versions/A/CoreVideo
0x0000000005336000 	/usr/lib/libFosl_dynamic.dylib
0x0000000005336000 	/System/Library/PrivateFrameworks/MetalPerformanceShaders.framework/Versions/A/MetalPerformanceShaders
0x0000000005336000 	/System/Library/PrivateFrameworks/FaceCore.framework/Versions/A/FaceCore
0x0000000005336000 	/System/Library/Frameworks/OpenCL.framework/Versions/A/OpenCL
0x0000000005336000 	/System/Library/Frameworks/OpenGL.framework/Versions/A/Libraries/libGLU.dylib
0x0000000005336000 	/System/Library/Frameworks/OpenGL.framework/Versions/A/Libraries/libGFXShared.dylib
0x0000000005336000 	/System/Library/Frameworks/OpenGL.framework/Versions/A/Libraries/libGL.dylib
0x0000000005336000 	/System/Library/Frameworks/OpenGL.framework/Versions/A/Libraries/libGLImage.dylib
0x0000000005336000 	/System/Library/Frameworks/OpenGL.framework/Versions/A/Libraries/libCVMSPluginSupport.dylib
0x0000000005336000 	/System/Library/Frameworks/OpenGL.framework/Versions/A/Libraries/libCoreVMClient.dylib
0x0000000005336000 	/System/Library/PrivateFrameworks/CrashReporterSupport.framework/Versions/A/CrashReporterSupport
0x0000000005336000 	/System/Library/PrivateFrameworks/Sharing.framework/Versions/A/Sharing
0x0000000005336000 	/System/Library/PrivateFrameworks/IconServices.framework/Versions/A/IconServices
0x0000000005336000 	/System/Library/PrivateFrameworks/ProtocolBuffer.framework/Versions/A/ProtocolBuffer
0x0000000005336000 	/System/Library/PrivateFrameworks/Apple80211.framework/Versions/A/Apple80211
0x0000000005336000 	/System/Library/Frameworks/CoreWLAN.framework/Versions/A/CoreWLAN
0x0000000005336000 	/System/Library/PrivateFrameworks/CoreUtils.framework/Versions/A/CoreUtils
0x0000000005336000 	/System/Library/Frameworks/IOBluetooth.framework/Versions/A/IOBluetooth
0x0000000005336000 	/System/Library/PrivateFrameworks/CoreWiFi.framework/Versions/A/CoreWiFi
0x0000000005336000 	/System/Library/Frameworks/CoreBluetooth.framework/Versions/A/CoreBluetooth
0x0000000005336000 	/System/Library/Frameworks/CoreDisplay.framework/Versions/A/CoreDisplay
0x0000000005336000 	/System/Library/PrivateFrameworks/IOPresentment.framework/Versions/A/IOPresentment
0x0000000005336000 	/System/Library/PrivateFrameworks/DebugSymbols.framework/Versions/A/DebugSymbols
0x0000000005336000 	/System/Library/PrivateFrameworks/CoreSymbolication.framework/Versions/A/CoreSymbolication
0x0000000005336000 	/System/Library/PrivateFrameworks/Symbolication.framework/Versions/A/Symbolication
0x0000000005336000 	/System/Library/PrivateFrameworks/AppleFSCompression.framework/Versions/A/AppleFSCompression
0x0000000005336000 	/System/Library/PrivateFrameworks/SpeechRecognitionCore.framework/Versions/A/SpeechRecognitionCore
0x0000000005336000 	/System/Library/PrivateFrameworks/ChunkingLibrary.framework/Versions/A/ChunkingLibrary
0x0000000107c00000 	/Library/Java/JavaVirtualMachines/jdk1.8.0_25.jdk/Contents/Home/jre/lib/server/libjvm.dylib
0x0000000005336000 	/usr/lib/libstdc++.6.dylib
0x0000000107211000 	/Library/Java/JavaVirtualMachines/jdk1.8.0_25.jdk/Contents/Home/jre/lib/libverify.dylib
0x000000010721f000 	/Library/Java/JavaVirtualMachines/jdk1.8.0_25.jdk/Contents/Home/jre/lib/libjava.dylib
0x000000010725d000 	/Library/Java/JavaVirtualMachines/jdk1.8.0_25.jdk/Contents/Home/jre/lib/libzip.dylib
0x000000010f2e9000 	/System/Library/Frameworks/JavaVM.framework/Frameworks/JavaRuntimeSupport.framework/JavaRuntimeSupport
0x000000010f303000 	/System/Library/Frameworks/JavaVM.framework/Versions/A/Frameworks/JavaNativeFoundation.framework/Versions/A/JavaNativeFoundation
0x000000010f318000 	/System/Library/Frameworks/JavaVM.framework/Versions/A/JavaVM
0x0000000005336000 	/System/Library/Frameworks/Carbon.framework/Versions/A/Carbon
0x000000010f325000 	/System/Library/PrivateFrameworks/JavaLaunching.framework/Versions/A/JavaLaunching
0x0000000005336000 	/System/Library/Frameworks/Carbon.framework/Versions/A/Frameworks/CommonPanels.framework/Versions/A/CommonPanels
0x0000000005336000 	/System/Library/Frameworks/Carbon.framework/Versions/A/Frameworks/Help.framework/Versions/A/Help
0x0000000005336000 	/System/Library/Frameworks/Carbon.framework/Versions/A/Frameworks/ImageCapture.framework/Versions/A/ImageCapture
0x0000000005336000 	/System/Library/Frameworks/Carbon.framework/Versions/A/Frameworks/OpenScripting.framework/Versions/A/OpenScripting
0x0000000005336000 	/System/Library/Frameworks/Carbon.framework/Versions/A/Frameworks/Print.framework/Versions/A/Print
0x0000000005336000 	/System/Library/Frameworks/Carbon.framework/Versions/A/Frameworks/SecurityHI.framework/Versions/A/SecurityHI
0x0000000110cf0000 	/Library/Java/JavaVirtualMachines/jdk1.8.0_25.jdk/Contents/Home/jre/lib/libprism_es2.dylib
0x0000000005336000 	/System/Library/Frameworks/OpenGL.framework/Versions/A/Resources/GLEngine.bundle/GLEngine
0x0000000005336000 	/System/Library/Frameworks/OpenGL.framework/Versions/A/Libraries/libGLProgrammability.dylib
0x0000000110d55000 	/System/Library/Extensions/AppleIntelHD5000GraphicsGLDriver.bundle/Contents/MacOS/AppleIntelHD5000GraphicsGLDriver
0x0000000005336000 	/System/Library/PrivateFrameworks/GPUSupport.framework/Versions/A/Libraries/libGPUSupportMercury.dylib
0x0000000005336000 	/System/Library/Frameworks/OpenGL.framework/Versions/A/Resources/GLRendererFloat.bundle/GLRendererFloat
0x0000000005336000 	/System/Library/Frameworks/OpenCL.framework/Versions/A/Libraries/libcldcpuengine.dylib
0x0000000005336000 	/usr/lib/libcrypto.0.9.8.dylib
0x0000000005336000 	/System/Library/PrivateFrameworks/TrustEvaluationAgent.framework/Versions/A/TrustEvaluationAgent
0x0000000111907000 	/Library/Java/JavaVirtualMachines/jdk1.8.0_25.jdk/Contents/Home/jre/lib/libglass.dylib
0x0000000005336000 	/System/Library/PrivateFrameworks/CoreServicesInternal.framework/Versions/A/CoreServicesInternal
0x0000000005336000 	/System/Library/CoreServices/RawCamera.bundle/Contents/MacOS/RawCamera
0x0000000005336000 	/System/Library/Frameworks/Accelerate.framework/Versions/A/Frameworks/vImage.framework/Versions/A/Libraries/libCGInterfaces.dylib
0x0000000005336000 	/System/Library/PrivateFrameworks/FamilyControls.framework/Versions/A/FamilyControls
0x0000000005336000 	/System/Library/PrivateFrameworks/CommerceKit.framework/Versions/A/Frameworks/CommerceCore.framework/Versions/A/CommerceCore
0x0000000005336000 	/System/Library/PrivateFrameworks/SystemAdministration.framework/Versions/A/SystemAdministration
0x0000000005336000 	/System/Library/PrivateFrameworks/AppContainer.framework/Versions/A/AppContainer
0x0000000005336000 	/System/Library/PrivateFrameworks/SecCodeWrapper.framework/Versions/A/SecCodeWrapper
0x0000000005336000 	/System/Library/Frameworks/DirectoryService.framework/Versions/A/DirectoryService
0x0000000005336000 	/System/Library/PrivateFrameworks/DiskImages.framework/Versions/A/DiskImages
0x0000000005336000 	/System/Library/PrivateFrameworks/LoginUIKit.framework/Versions/A/Frameworks/LoginUICore.framework/Versions/A/LoginUICore
0x0000000005336000 	/usr/lib/libCoreStorage.dylib
0x0000000005336000 	/usr/lib/libcsfde.dylib
0x0000000005336000 	/usr/lib/libodfde.dylib
0x0000000005336000 	/System/Library/Frameworks/DiscRecording.framework/Versions/A/DiscRecording
0x0000000005336000 	/usr/lib/libcurl.4.dylib
0x0000000005336000 	/System/Library/PrivateFrameworks/MediaKit.framework/Versions/A/MediaKit
0x0000000005336000 	/System/Library/PrivateFrameworks/ProtectedCloudStorage.framework/Versions/A/ProtectedCloudStorage
0x0000000005336000 	/System/Library/PrivateFrameworks/EFILogin.framework/Versions/A/EFILogin
0x0000000005336000 	/usr/lib/libutil.dylib
0x0000000005336000 	/System/Library/Frameworks/LDAP.framework/Versions/A/LDAP
0x0000000005336000 	/usr/lib/libsasl2.2.dylib
0x0000000005336000 	/System/Library/PrivateFrameworks/CoreDaemon.framework/Versions/B/CoreDaemon
0x0000000005336000 	/System/Library/PrivateFrameworks/AppleSRP.framework/Versions/A/AppleSRP
0x0000000005336000 	/System/Library/PrivateFrameworks/APFS.framework/Versions/A/APFS
0x0000000114840000 	/Library/Java/JavaVirtualMachines/jdk1.8.0_25.jdk/Contents/Home/jre/lib/libjavafx_font.dylib
0x0000000114e12000 	/Library/Java/JavaVirtualMachines/jdk1.8.0_25.jdk/Contents/Home/jre/lib/libsunec.dylib
0x0000000115580000 	/Library/Java/JavaVirtualMachines/jdk1.8.0_25.jdk/Contents/Home/jre/lib/libjsound.dylib
0x0000000115593000 	/System/Library/Frameworks/CoreMIDI.framework/Versions/A/CoreMIDI
0x00000001155fa000 	/usr/lib/libexpat.1.dylib
0x000000011561d000 	/System/Library/Extensions/AppleHDA.kext/Contents/PlugIns/AppleHDAHALPlugIn.bundle/Contents/MacOS/AppleHDAHALPlugIn
0x0000000115627000 	/Library/Java/JavaVirtualMachines/jdk1.8.0_25.jdk/Contents/Home/jre/lib/libnet.dylib
0x0000000005336000 	/System/Library/Frameworks/ApplicationServices.framework/Versions/A/Frameworks/ATS.framework/Versions/A/Resources/libTrueTypeScaler.dylib
0x0000000126481000 	/System/Library/Extensions/AppleIntelHD5000GraphicsMTLDriver.bundle/Contents/MacOS/AppleIntelHD5000GraphicsMTLDriver
0x0000000126210000 	/Library/Java/JavaVirtualMachines/jdk1.8.0_25.jdk/Contents/Home/jre/lib/libprism_common.dylib
0x0000000005336000 	/System/Library/PrivateFrameworks/ViewBridge.framework/Versions/A/ViewBridge
0x0000000005336000 	/System/Library/PrivateFrameworks/XPCService.framework/Versions/A/XPCService
0x0000000005336000 	/System/Library/PrivateFrameworks/AppSandbox.framework/Versions/A/AppSandbox
0x0000000005336000 	/usr/lib/libsandbox.1.dylib
0x0000000005336000 	/usr/lib/libMatch.1.dylib
0x0000000127675000 	/System/Library/Components/CoreAudio.component/Contents/MacOS/CoreAudio

VM Arguments:
jvm_args: -Dfile.encoding=UTF-8 
java_command: watsup.GUI
java_class_path (initial): /Users/Josh/Documents/workspace/Wats Up/target/classes:/Users/Josh/.p2/pool/plugins/org.junit_4.12.0.v201504281640/junit.jar:/Users/Josh/.p2/pool/plugins/org.hamcrest.core_1.3.0.v201303031735.jar:/Users/Josh/Downloads/java-json.jar:/Users/Josh/.m2/repository/com/ibm/watson/developer_cloud/java-sdk/3.5.1/java-sdk-3.5.1.jar:/Users/Josh/.m2/repository/com/ibm/watson/developer_cloud/alchemy/3.5.1/alchemy-3.5.1.jar:/Users/Josh/.m2/repository/com/ibm/watson/developer_cloud/core/3.5.1/core-3.5.1.jar:/Users/Josh/.m2/repository/com/squareup/okhttp3/okhttp/3.3.1/okhttp-3.3.1.jar:/Users/Josh/.m2/repository/com/squareup/okio/okio/1.8.0/okio-1.8.0.jar:/Users/Josh/.m2/repository/com/squareup/okhttp3/logging-interceptor/3.3.1/logging-interceptor-3.3.1.jar:/Users/Josh/.m2/repository/com/squareup/okhttp3/okhttp-urlconnection/3.3.1/okhttp-urlconnection-3.3.1.jar:/Users/Josh/.m2/repository/com/google/code/gson/gson/2.6.2/gson-2.6.2.jar:/Users/Josh/.m2/repository/org/glassfish/jersey/bundles/repackaged/jersey-jsr166e/2.22.2/jersey-jsr166e-2.22.2.jar:/Users/Josh/.m2/repository/com/ibm/watson/developer_cloud/conversation/3.5.1/conversation-3.5.1.jar:/Users/Josh/.m2/repository/com/ibm/watson/developer_cloud/dialog/3.5.1/dialog-3.5.1.jar:/Users/Josh/.m2/repository/com/ibm/watson/developer_cloud/document-conversion/3.5.1/document-conversion-3.5.1.jar:/Users/Josh/.m2/repository/com/ibm/watson/developer_cloud/language-translation/3.5.1/language-translation-3.5.1.jar:/Users/Josh/.m2/repository/com/ibm/watson/developer_cloud/language-translator/3.5.1/language-translator-3.5.1.jar:/Users/Josh/.m2/repository/com/ibm/watson/developer_cloud/natural-language-classifier/3.5.1/natural-language-classifier-3.5.1.jar:/Users/Josh/.m2/repository/com/ibm/watson/developer_cloud/personality-insights/3.5.1/personality-insights-3.5.1.jar:/Users/Josh/.m2/repository/com/ibm/watson/developer_cloud/retrieve-and-rank/3.5.1/retrieve-and-rank-3.5.1.jar:/Users/Josh/.m2/repository/com/ibm/wa
Launcher Type: SUN_STANDARD

Environment Variables:
PATH=/usr/bin:/bin:/usr/sbin:/sbin
SHELL=/bin/bash
DISPLAY=/private/tmp/com.apple.launchd.MNuLeo257e/org.macosforge.xquartz:0

Signal Handlers:
SIGSEGV: [libjvm.dylib+0x579dc7], sa_mask[0]=11111111011111110111111111111111, sa_flags=SA_ONSTACK|SA_RESTART|SA_SIGINFO
SIGBUS: [libjvm.dylib+0x579dc7], sa_mask[0]=11111111011111110111111111111111, sa_flags=SA_RESTART|SA_SIGINFO
SIGFPE: [libjvm.dylib+0x45b030], sa_mask[0]=11111111011111110111111111111111, sa_flags=SA_RESTART|SA_SIGINFO
SIGPIPE: [libjvm.dylib+0x45b030], sa_mask[0]=11111111011111110111111111111111, sa_flags=SA_RESTART|SA_SIGINFO
SIGXFSZ: [libjvm.dylib+0x45b030], sa_mask[0]=11111111011111110111111111111111, sa_flags=SA_RESTART|SA_SIGINFO
SIGILL: [libjvm.dylib+0x45b030], sa_mask[0]=11111111011111110111111111111111, sa_flags=SA_RESTART|SA_SIGINFO
SIGUSR1: SIG_DFL, sa_mask[0]=00000000000000000000000000000000, sa_flags=none
SIGUSR2: [libjvm.dylib+0x45ab4e], sa_mask[0]=00100000000000000000000000000000, sa_flags=SA_RESTART|SA_SIGINFO
SIGHUP: [libjvm.dylib+0x459121], sa_mask[0]=11111111011111110111111111111111, sa_flags=SA_RESTART|SA_SIGINFO
SIGINT: [libjvm.dylib+0x459121], sa_mask[0]=11111111011111110111111111111111, sa_flags=SA_RESTART|SA_SIGINFO
SIGTERM: [libjvm.dylib+0x459121], sa_mask[0]=11111111011111110111111111111111, sa_flags=SA_RESTART|SA_SIGINFO
SIGQUIT: [libjvm.dylib+0x459121], sa_mask[0]=11111111011111110111111111111111, sa_flags=SA_RESTART|SA_SIGINFO


---------------  S Y S T E M  ---------------

OS:Bsduname:Darwin 16.1.0 Darwin Kernel Version 16.1.0: Thu Oct 13 21:26:57 PDT 2016; root:xnu-3789.21.3~60/RELEASE_X86_64 x86_64
rlimit: STACK 8192k, CORE 0k, NPROC 709, NOFILE 10240, AS infinity
load average:1.50 1.79 1.87

CPU:total 4 (2 cores per cpu, 2 threads per core) family 6 model 69 stepping 1, cmov, cx8, fxsr, mmx, sse, sse2, sse3, ssse3, sse4.1, sse4.2, popcnt, avx, avx2, aes, clmul, erms, lzcnt, ht, tsc, tscinvbit, bmi1, bmi2

Memory: 4k page, physical 8388608k(28616k free)

/proc/meminfo:


vm_info: Java HotSpot(TM) 64-Bit Server VM (25.25-b02) for bsd-amd64 JRE (1.8.0_25-b17), built on Sep 17 2014 16:56:50 by "java_re" with gcc 4.2.1 (Based on Apple Inc. build 5658) (LLVM build 2336.11.00)

time: Tue Dec  6 22:14:36 2016
elapsed time: 94 seconds (0d 0h 1m 34s)

