#
# A fatal error has been detected by the Java Runtime Environment:
#
#  SIGSEGV (0xb) at pc=0x000000012631d3fd, pid=34729, tid=2059
#
# JRE version: Java(TM) SE Runtime Environment (8.0_25-b17) (build 1.8.0_25-b17)
# Java VM: Java HotSpot(TM) 64-Bit Server VM (25.25-b02 mixed mode bsd-amd64 compressed oops)
# Problematic frame:
# C  [libglass.dylib+0x163fd]  GlassScreenDidChangeScreenParameters+0x9d
#
# Failed to write core dump. Core dumps have been disabled. To enable core dumping, try "ulimit -c unlimited" before starting Java again
#
# If you would like to submit a bug report, please visit:
#   http://bugreport.sun.com/bugreport/crash.jsp
#

---------------  T H R E A D  ---------------

Current thread is native thread

siginfo: si_signo: 11 (SIGSEGV), si_code: 1 (SEGV_MAPERR), si_addr: 0x0000000000000000

Registers:
RAX=0x000000012634fe40, RBX=0x0000000000000000, RCX=0x0000000000000103, RDX=0x00007fc730eb5ac0
RSP=0x00007fff530bc940, RBP=0x00007fff530bc950, RSI=0x00007fc730d07d98, RDI=0x0000000000000000
R8 =0x0000000000000040, R9 =0x00007fffe8d9d040, R10=0xffffffffffffffff, R11=0x0000000000012068
R12=0x0000000000000000, R13=0x00007fc730f604e0, R14=0x00007fc730fe1260, R15=0x0000000000000000
RIP=0x000000012631d3fd, EFLAGS=0x0000000000010206, ERR=0x0000000000000004
  TRAPNO=0x000000000000000e

Top of Stack: (sp=0x00007fff530bc940)
0x00007fff530bc940:   00007fc730f60520 00007fc730fe1260
0x00007fff530bc950:   00007fff530bc960 00007fffcb09a63c
0x00007fff530bc960:   00007fff530bc9d0 00007fffcb09a53b
0x00007fff530bc970:   000000010cb5b000 00007fffe8d98060
0x00007fff530bc980:   00000000c2000000 00007fffcb09a590
0x00007fff530bc990:   00007fffe579e680 00007fc730f604e0
0x00007fff530bc9a0:   00007fc730fe1260 00007fff530bd198
0x00007fff530bc9b0:   00007fffdf7d8b40 00007fff530bcaa0
0x00007fff530bc9c0:   00007fc730f604e0 00007fffc98529f2
0x00007fff530bc9d0:   00007fff530bca10 00007fffcb09a2a2
0x00007fff530bc9e0:   00007fff530bcfe0 0000000000000000
0x00007fff530bc9f0:   00007fffdf7d8b40 00007fff530bcaa0
0x00007fff530bca00:   00007fff530bd198 00007fffc98529f2
0x00007fff530bca10:   00007fff530bd130 00007fffcb0579a3
0x00007fff530bca20:   00007fff530bca40 00007fffcb019bd0
0x00007fff530bca30:   00007fc730e4d6a0 00007fff530bd080
0x00007fff530bca40:   00007fc730e27c30 00007fffe579fcb0
0x00007fff530bca50:   0000000000000000 00007fc7328ed048
0x00007fff530bca60:   00007fc730e27c01 00007fc730c3ed50
0x00007fff530bca70:   00007fffe58d1f10 0000000000000000
0x00007fff530bca80:   00007fc730f605d0 0000000000000000
0x00007fff530bca90:   0000000000000000 00007fffe57de860
0x00007fff530bcaa0:   00007fff530bcfe0 0000000000000001
0x00007fff530bcab0:   0000000000000100 00007fff530bcb00
0x00007fff530bcac0:   00007fff530bcee0 0000000000000000
0x00007fff530bcad0:   0000000000000100 00007fffe57dfd00
0x00007fff530bcae0:   00007fff530bd080 0000000000000001
0x00007fff530bcaf0:   00007fff530bcb30 00007fffcb05264c
0x00007fff530bcb00:   000000000000000d 00007fc730e4d6a0
0x00007fff530bcb10:   00007fc730e4d6a0 00007fffe57dfde0
0x00007fff530bcb20:   00007fc730c0e000 0000000000000001
0x00007fff530bcb30:   00007fff530bd1b0 00007fffcb052169 

Instructions: (pc=0x000000012631d3fd)
0x000000012631d3dd:   89 df 4c 89 f1 41 ff 90 68 04 00 00 48 8d 05 58
0x000000012631d3ed:   29 03 00 48 8b 30 48 8d 05 46 2a 03 00 48 8b 10
0x000000012631d3fd:   48 8b 0b 30 c0 48 89 df ff 91 68 04 00 00 48 8b
0x000000012631d40d:   03 48 89 df ff 50 78 48 85 c0 74 36 49 89 c6 48 

Register to memory mapping:

RAX=0x000000012634fe40: jScreenNotifySettingsChanged+0 in /Library/Java/JavaVirtualMachines/jdk1.8.0_25.jdk/Contents/Home/jre/lib/libglass.dylib at 0x0000000126307000
RBX=0x0000000000000000 is an unknown value
RCX=0x0000000000000103 is an unknown value
RDX=0x00007fc730eb5ac0 is an unknown value
RSP=0x00007fff530bc940 is an unknown value
RBP=0x00007fff530bc950 is an unknown value
RSI=0x00007fc730d07d98 is a global jni handle
RDI=0x0000000000000000 is an unknown value
R8 =0x0000000000000040 is an unknown value
R9 =0x00007fffe8d9d040: __sFX+0x1c0 in /usr/lib/system/libsystem_c.dylib at 0x00007fffe00f9000
R10=0xffffffffffffffff is an unknown value
R11=0x0000000000012068 is an unknown value
R12=0x0000000000000000 is an unknown value
R13=0x00007fc730f604e0 is an unknown value
R14=0x00007fc730fe1260 is an unknown value
R15=0x0000000000000000 is an unknown value


Stack: [0x00007fff528c0000,0x00007fff530c0000],  sp=0x00007fff530bc940,  free space=8178k
Native frames: (J=compiled Java code, j=interpreted, Vv=VM code, C=native code)
C  [libglass.dylib+0x163fd]  GlassScreenDidChangeScreenParameters+0x9d
C  [CoreFoundation+0x9d63c]  __CFNOTIFICATIONCENTER_IS_CALLING_OUT_TO_AN_OBSERVER__+0xc
C  [CoreFoundation+0x9d53b]  _CFXRegistrationPost+0x1ab
C  [CoreFoundation+0x9d2a2]  ___CFXNotificationPost_block_invoke+0x32
C  [CoreFoundation+0x5a9a3]  -[_CFXNotificationRegistrar find:object:observer:enumerator:]+0x723
C  [CoreFoundation+0x599dc]  _CFXNotificationPost+0x25c
C  [Foundation+0x70e3]  -[NSNotificationCenter postNotificationName:object:userInfo:]+0x42
C  [AppKit+0x3f0914]  -[NSApplication _reactToScreenInvalidationImmediately:]+0x18f
C  [AppKit+0x3f0751]  __44-[NSApplication _reactToScreenInvalidation:]_block_invoke+0x3b
C  [CoreFoundation+0xa73ac]  __CFRUNLOOP_IS_CALLING_OUT_TO_A_BLOCK__+0xc
C  [CoreFoundation+0x88424]  __CFRunLoopDoBlocks+0x164
C  [CoreFoundation+0x87f66]  __CFRunLoopRun+0x756
C  [CoreFoundation+0x875b4]  CFRunLoopRunSpecific+0x1a4
C  [java+0x56cc]  CreateExecutionEnvironment+0x367
C  [java+0x165c]  JLI_Launch+0x7a0
C  [java+0x768a]  main+0x65
C  [java+0xeb4]  start+0x34


---------------  P R O C E S S  ---------------

VM state:not at safepoint (normal execution)

VM Mutex/Monitor currently owned by a thread: None

Heap:
 PSYoungGen      total 38400K, used 38163K [0x0000000795580000, 0x0000000798000000, 0x00000007c0000000)
  eden space 33280K, 99% used [0x0000000795580000,0x00000007975c64a8,0x0000000797600000)
  from space 5120K, 99% used [0x0000000797600000,0x0000000797afe990,0x0000000797b00000)
  to   space 5120K, 0% used [0x0000000797b00000,0x0000000797b00000,0x0000000798000000)
 ParOldGen       total 87552K, used 767K [0x0000000740000000, 0x0000000745580000, 0x0000000795580000)
  object space 87552K, 0% used [0x0000000740000000,0x00000007400bfc80,0x0000000745580000)
 Metaspace       used 18748K, capacity 19236K, committed 19456K, reserved 1067008K
  class space    used 2398K, capacity 2536K, committed 2560K, reserved 1048576K

Card table byte_map: [0x000000010e6ed000,0x000000010eaee000] byte_map_base: 0x000000010aced000

Marking Bits: (ParMarkBitMap*) 0x000000010dc9d390
 Begin Bits: [0x000000011fec3000, 0x0000000121ec3000)
 End Bits:   [0x0000000121ec3000, 0x0000000123ec3000)

Polling page: 0x000000010cbfe000

CodeCache: size=245760Kb used=5777Kb max_used=5777Kb free=239982Kb
 bounds [0x0000000110ec3000, 0x0000000111473000, 0x000000011fec3000]
 total_blobs=2477 nmethods=1802 adapters=589
 compilation: enabled

Compilation events (10 events):
Event: 1140.644 Thread 0x00007fc731854800 1824       3       jdk.internal.org.objectweb.asm.MethodWriter::put (1599 bytes)
Event: 1140.654 Thread 0x00007fc731854800 nmethod 1824 0x0000000111462290 code [0x0000000111462b60, 0x0000000111466798]
Event: 1140.654 Thread 0x00007fc731854800 1821       3       java.lang.invoke.MethodTypeForm::canonicalize (64 bytes)
Event: 1140.655 Thread 0x00007fc731854800 nmethod 1821 0x0000000111468c50 code [0x0000000111468de0, 0x0000000111469228]
Event: 1140.655 Thread 0x00007fc731854800 1822       3       java.lang.invoke.MethodType$ConcurrentWeakInternSet::add (66 bytes)
Event: 1140.656 Thread 0x00007fc731854800 nmethod 1822 0x0000000111469350 code [0x0000000111469580, 0x000000011146a348]
Event: 1140.656 Thread 0x00007fc731854800 1823       3       jdk.internal.org.objectweb.asm.MethodWriter::visitEnd (1 bytes)
Event: 1140.656 Thread 0x00007fc731854800 nmethod 1823 0x000000011146a990 code [0x000000011146aae0, 0x000000011146ac30]
Event: 1140.656 Thread 0x00007fc731854800 1819   !   3       java.lang.invoke.MemberName::clone (14 bytes)
Event: 1140.657 Thread 0x00007fc731854800 nmethod 1819 0x000000011146ac90 code [0x000000011146ae20, 0x000000011146b1b8]

GC Heap History (2 events):
Event: 1.755 GC heap before
{Heap before GC invocations=1 (full 0):
 PSYoungGen      total 38400K, used 33280K [0x0000000795580000, 0x0000000798000000, 0x00000007c0000000)
  eden space 33280K, 100% used [0x0000000795580000,0x0000000797600000,0x0000000797600000)
  from space 5120K, 0% used [0x0000000797b00000,0x0000000797b00000,0x0000000798000000)
  to   space 5120K, 0% used [0x0000000797600000,0x0000000797600000,0x0000000797b00000)
 ParOldGen       total 87552K, used 0K [0x0000000740000000, 0x0000000745580000, 0x0000000795580000)
  object space 87552K, 0% used [0x0000000740000000,0x0000000740000000,0x0000000745580000)
 Metaspace       used 14341K, capacity 14698K, committed 15104K, reserved 1062912K
  class space    used 1878K, capacity 2001K, committed 2048K, reserved 1048576K
Event: 1.766 GC heap after
Heap after GC invocations=1 (full 0):
 PSYoungGen      total 38400K, used 5114K [0x0000000795580000, 0x0000000798000000, 0x00000007c0000000)
  eden space 33280K, 0% used [0x0000000795580000,0x0000000795580000,0x0000000797600000)
  from space 5120K, 99% used [0x0000000797600000,0x0000000797afe990,0x0000000797b00000)
  to   space 5120K, 0% used [0x0000000797b00000,0x0000000797b00000,0x0000000798000000)
 ParOldGen       total 87552K, used 767K [0x0000000740000000, 0x0000000745580000, 0x0000000795580000)
  object space 87552K, 0% used [0x0000000740000000,0x00000007400bfc80,0x0000000745580000)
 Metaspace       used 14341K, capacity 14698K, committed 15104K, reserved 1062912K
  class space    used 1878K, capacity 2001K, committed 2048K, reserved 1048576K
}

Deoptimization events (10 events):
Event: 1.331 Thread 0x00007fc7328ef000 Uncommon trap: reason=class_check action=maybe_recompile pc=0x0000000110fe821c method=java.lang.String.equals(Ljava/lang/Object;)Z @ 8
Event: 1.366 Thread 0x00007fc7311a6800 Uncommon trap: reason=bimorphic action=maybe_recompile pc=0x00000001111246f0 method=java.io.DataInputStream.readInt()I @ 4
Event: 1.366 Thread 0x00007fc7311a6800 Uncommon trap: reason=bimorphic action=maybe_recompile pc=0x00000001111246f0 method=java.io.DataInputStream.readInt()I @ 4
Event: 1.366 Thread 0x00007fc7311a6800 Uncommon trap: reason=bimorphic action=maybe_recompile pc=0x00000001111246f0 method=java.io.DataInputStream.readInt()I @ 4
Event: 1.366 Thread 0x00007fc7311a6800 Uncommon trap: reason=bimorphic action=maybe_recompile pc=0x00000001111246f0 method=java.io.DataInputStream.readInt()I @ 4
Event: 1.886 Thread 0x00007fc7328ef000 Uncommon trap: reason=unloaded action=reinterpret pc=0x000000011126f848 method=java.lang.CharacterData.of(I)Ljava/lang/CharacterData; @ 96
Event: 1.929 Thread 0x00007fc7328ef000 Uncommon trap: reason=bimorphic action=maybe_recompile pc=0x0000000111112da0 method=java.io.DataInputStream.readChar()C @ 4
Event: 1.929 Thread 0x00007fc7328ef000 Uncommon trap: reason=bimorphic action=maybe_recompile pc=0x0000000111112da0 method=java.io.DataInputStream.readChar()C @ 4
Event: 1.929 Thread 0x00007fc7328ef000 Uncommon trap: reason=bimorphic action=maybe_recompile pc=0x0000000111112da0 method=java.io.DataInputStream.readChar()C @ 4
Event: 1.929 Thread 0x00007fc7328ef000 Uncommon trap: reason=bimorphic action=maybe_recompile pc=0x0000000111112da0 method=java.io.DataInputStream.readChar()C @ 4

Internal exceptions (10 events):
Event: 7.971 Thread 0x00007fc7310bb800 Exception <a 'java/security/PrivilegedActionException'> (0x0000000796883128) thrown at [/HUDSON3/workspace/8-2-build-macosx-x86_64/jdk8u25/1514/hotspot/src/share/vm/prims/jvm.cpp, line 1312]
Event: 7.972 Thread 0x00007fc7310bb800 Exception <a 'java/security/PrivilegedActionException'> (0x000000079688a5b8) thrown at [/HUDSON3/workspace/8-2-build-macosx-x86_64/jdk8u25/1514/hotspot/src/share/vm/prims/jvm.cpp, line 1312]
Event: 8.390 Thread 0x00007fc7310ba800 Exception <a 'java/security/PrivilegedActionException'> (0x00000007968335c0) thrown at [/HUDSON3/workspace/8-2-build-macosx-x86_64/jdk8u25/1514/hotspot/src/share/vm/prims/jvm.cpp, line 1312]
Event: 10.376 Thread 0x00007fc7310ba800 Exception <a 'java/security/PrivilegedActionException'> (0x000000079683da18) thrown at [/HUDSON3/workspace/8-2-build-macosx-x86_64/jdk8u25/1514/hotspot/src/share/vm/prims/jvm.cpp, line 1312]
Event: 10.377 Thread 0x00007fc7310ba800 Exception <a 'java/security/PrivilegedActionException'> (0x0000000796844fe8) thrown at [/HUDSON3/workspace/8-2-build-macosx-x86_64/jdk8u25/1514/hotspot/src/share/vm/prims/jvm.cpp, line 1312]
Event: 10.378 Thread 0x00007fc7310ba800 Exception <a 'java/security/PrivilegedActionException'> (0x00000007968f4d18) thrown at [/HUDSON3/workspace/8-2-build-macosx-x86_64/jdk8u25/1514/hotspot/src/share/vm/prims/jvm.cpp, line 1312]
Event: 10.379 Thread 0x00007fc7310ba800 Exception <a 'java/security/PrivilegedActionException'> (0x00000007968fc300) thrown at [/HUDSON3/workspace/8-2-build-macosx-x86_64/jdk8u25/1514/hotspot/src/share/vm/prims/jvm.cpp, line 1312]
Event: 10.379 Thread 0x00007fc7310ba800 Exception <a 'java/security/PrivilegedActionException'> (0x0000000796903d00) thrown at [/HUDSON3/workspace/8-2-build-macosx-x86_64/jdk8u25/1514/hotspot/src/share/vm/prims/jvm.cpp, line 1312]
Event: 10.381 Thread 0x00007fc7310ba800 Exception <a 'java/security/PrivilegedActionException'> (0x0000000796915a68) thrown at [/HUDSON3/workspace/8-2-build-macosx-x86_64/jdk8u25/1514/hotspot/src/share/vm/prims/jvm.cpp, line 1312]
Event: 10.381 Thread 0x00007fc7310ba800 Exception <a 'java/security/PrivilegedActionException'> (0x000000079691c9a8) thrown at [/HUDSON3/workspace/8-2-build-macosx-x86_64/jdk8u25/1514/hotspot/src/share/vm/prims/jvm.cpp, line 1312]

Events (10 events):
Event: 1140.637 loading class javafx/application/Application done
Event: 1140.643 loading class com/sun/javafx/tk/quantum/QuantumRenderer
Event: 1140.643 loading class com/sun/javafx/tk/quantum/QuantumRenderer done
Event: 1140.644 loading class com/sun/javafx/tk/quantum/QuantumToolkit
Event: 1140.644 loading class com/sun/javafx/tk/quantum/QuantumToolkit done
Event: 1140.647 Thread 0x00007fc7318e4000 Thread exited: 0x00007fc7318e4000
Event: 1140.647 Thread 0x00007fc73195b000 Thread exited: 0x00007fc73195b000
Event: 1140.648 Thread 0x00007fc732800800 Thread exited: 0x00007fc732800800
Event: 1140.648 Thread 0x00007fc732800800 Thread added: 0x00007fc732800800
Event: 1140.653 Thread 0x00007fc7328ef000 Thread exited: 0x00007fc7328ef000


Dynamic libraries:
0x0000000055e88000 	/System/Library/Frameworks/Cocoa.framework/Versions/A/Cocoa
0x0000000055e88000 	/System/Library/Frameworks/Security.framework/Versions/A/Security
0x0000000055e88000 	/System/Library/Frameworks/ApplicationServices.framework/Versions/A/ApplicationServices
0x0000000055e88000 	/usr/lib/libz.1.dylib
0x0000000055e88000 	/usr/lib/libSystem.B.dylib
0x0000000055e88000 	/usr/lib/libobjc.A.dylib
0x0000000055e88000 	/System/Library/Frameworks/CoreFoundation.framework/Versions/A/CoreFoundation
0x0000000055e88000 	/System/Library/Frameworks/Foundation.framework/Versions/C/Foundation
0x0000000055e88000 	/System/Library/Frameworks/AppKit.framework/Versions/C/AppKit
0x0000000055e88000 	/System/Library/Frameworks/CoreData.framework/Versions/A/CoreData
0x0000000055e88000 	/System/Library/PrivateFrameworks/RemoteViewServices.framework/Versions/A/RemoteViewServices
0x0000000055e88000 	/System/Library/PrivateFrameworks/UIFoundation.framework/Versions/A/UIFoundation
0x0000000055e88000 	/usr/lib/libenergytrace.dylib
0x0000000055e88000 	/System/Library/PrivateFrameworks/SkyLight.framework/Versions/A/SkyLight
0x0000000055e88000 	/System/Library/Frameworks/CoreGraphics.framework/Versions/A/CoreGraphics
0x0000000055e88000 	/usr/lib/libScreenReader.dylib
0x0000000055e88000 	/System/Library/Frameworks/Accelerate.framework/Versions/A/Accelerate
0x0000000055e88000 	/System/Library/Frameworks/IOSurface.framework/Versions/A/IOSurface
0x0000000055e88000 	/System/Library/Frameworks/AudioToolbox.framework/Versions/A/AudioToolbox
0x0000000055e88000 	/System/Library/Frameworks/AudioUnit.framework/Versions/A/AudioUnit
0x0000000055e88000 	/System/Library/PrivateFrameworks/DataDetectorsCore.framework/Versions/A/DataDetectorsCore
0x0000000055e88000 	/System/Library/PrivateFrameworks/DesktopServicesPriv.framework/Versions/A/DesktopServicesPriv
0x0000000055e88000 	/System/Library/Frameworks/Carbon.framework/Versions/A/Frameworks/HIToolbox.framework/Versions/A/HIToolbox
0x0000000055e88000 	/usr/lib/libicucore.A.dylib
0x0000000055e88000 	/System/Library/Frameworks/QuartzCore.framework/Versions/A/QuartzCore
0x0000000055e88000 	/System/Library/Frameworks/Carbon.framework/Versions/A/Frameworks/SpeechRecognition.framework/Versions/A/SpeechRecognition
0x0000000055e88000 	/usr/lib/libauto.dylib
0x0000000055e88000 	/usr/lib/libxml2.2.dylib
0x0000000055e88000 	/System/Library/PrivateFrameworks/CoreUI.framework/Versions/A/CoreUI
0x0000000055e88000 	/System/Library/Frameworks/CoreAudio.framework/Versions/A/CoreAudio
0x0000000055e88000 	/System/Library/Frameworks/DiskArbitration.framework/Versions/A/DiskArbitration
0x0000000055e88000 	/usr/lib/liblangid.dylib
0x0000000055e88000 	/System/Library/PrivateFrameworks/MultitouchSupport.framework/Versions/A/MultitouchSupport
0x0000000055e88000 	/System/Library/Frameworks/IOKit.framework/Versions/A/IOKit
0x0000000055e88000 	/usr/lib/libDiagnosticMessagesClient.dylib
0x0000000055e88000 	/System/Library/Frameworks/CoreServices.framework/Versions/A/CoreServices
0x0000000055e88000 	/System/Library/PrivateFrameworks/PerformanceAnalysis.framework/Versions/A/PerformanceAnalysis
0x0000000055e88000 	/System/Library/PrivateFrameworks/GenerationalStorage.framework/Versions/A/GenerationalStorage
0x0000000055e88000 	/System/Library/Frameworks/OpenGL.framework/Versions/A/OpenGL
0x0000000055e88000 	/System/Library/Frameworks/CoreImage.framework/Versions/A/CoreImage
0x0000000055e88000 	/System/Library/Frameworks/CoreText.framework/Versions/A/CoreText
0x0000000055e88000 	/System/Library/Frameworks/ImageIO.framework/Versions/A/ImageIO
0x0000000055e88000 	/System/Library/PrivateFrameworks/Backup.framework/Versions/A/Backup
0x0000000055e88000 	/usr/lib/libarchive.2.dylib
0x0000000055e88000 	/System/Library/Frameworks/CFNetwork.framework/Versions/A/CFNetwork
0x0000000055e88000 	/System/Library/Frameworks/SystemConfiguration.framework/Versions/A/SystemConfiguration
0x0000000055e88000 	/usr/lib/libCRFSuite.dylib
0x0000000055e88000 	/usr/lib/libc++.1.dylib
0x0000000055e88000 	/usr/lib/libc++abi.dylib
0x0000000055e88000 	/usr/lib/system/libcache.dylib
0x0000000055e88000 	/usr/lib/system/libcommonCrypto.dylib
0x0000000055e88000 	/usr/lib/system/libcompiler_rt.dylib
0x0000000055e88000 	/usr/lib/system/libcopyfile.dylib
0x0000000055e88000 	/usr/lib/system/libcorecrypto.dylib
0x0000000055e88000 	/usr/lib/system/libdispatch.dylib
0x0000000055e88000 	/usr/lib/system/libdyld.dylib
0x0000000055e88000 	/usr/lib/system/libkeymgr.dylib
0x0000000055e88000 	/usr/lib/system/liblaunch.dylib
0x0000000055e88000 	/usr/lib/system/libmacho.dylib
0x0000000055e88000 	/usr/lib/system/libquarantine.dylib
0x0000000055e88000 	/usr/lib/system/libremovefile.dylib
0x0000000055e88000 	/usr/lib/system/libsystem_asl.dylib
0x0000000055e88000 	/usr/lib/system/libsystem_blocks.dylib
0x0000000055e88000 	/usr/lib/system/libsystem_c.dylib
0x0000000055e88000 	/usr/lib/system/libsystem_configuration.dylib
0x0000000055e88000 	/usr/lib/system/libsystem_coreservices.dylib
0x0000000055e88000 	/usr/lib/system/libsystem_coretls.dylib
0x0000000055e88000 	/usr/lib/system/libsystem_dnssd.dylib
0x0000000055e88000 	/usr/lib/system/libsystem_info.dylib
0x0000000055e88000 	/usr/lib/system/libsystem_kernel.dylib
0x0000000055e88000 	/usr/lib/system/libsystem_m.dylib
0x0000000055e88000 	/usr/lib/system/libsystem_malloc.dylib
0x0000000055e88000 	/usr/lib/system/libsystem_network.dylib
0x0000000055e88000 	/usr/lib/system/libsystem_networkextension.dylib
0x0000000055e88000 	/usr/lib/system/libsystem_notify.dylib
0x0000000055e88000 	/usr/lib/system/libsystem_platform.dylib
0x0000000055e88000 	/usr/lib/system/libsystem_pthread.dylib
0x0000000055e88000 	/usr/lib/system/libsystem_sandbox.dylib
0x0000000055e88000 	/usr/lib/system/libsystem_secinit.dylib
0x0000000055e88000 	/usr/lib/system/libsystem_symptoms.dylib
0x0000000055e88000 	/usr/lib/system/libsystem_trace.dylib
0x0000000055e88000 	/usr/lib/system/libunwind.dylib
0x0000000055e88000 	/usr/lib/system/libxpc.dylib
0x0000000055e88000 	/usr/lib/libbsm.0.dylib
0x0000000055e88000 	/usr/lib/system/libkxld.dylib
0x0000000055e88000 	/usr/lib/libcoretls.dylib
0x0000000055e88000 	/usr/lib/libcoretls_cfhelpers.dylib
0x0000000055e88000 	/usr/lib/libxar.1.dylib
0x0000000055e88000 	/usr/lib/libsqlite3.dylib
0x0000000055e88000 	/usr/lib/libpam.2.dylib
0x0000000055e88000 	/usr/lib/libOpenScriptingUtil.dylib
0x0000000055e88000 	/usr/lib/libbz2.1.0.dylib
0x0000000055e88000 	/usr/lib/liblzma.5.dylib
0x0000000055e88000 	/usr/lib/libnetwork.dylib
0x0000000055e88000 	/usr/lib/libpcap.A.dylib
0x0000000055e88000 	/System/Library/Frameworks/CoreServices.framework/Versions/A/Frameworks/FSEvents.framework/Versions/A/FSEvents
0x0000000055e88000 	/System/Library/Frameworks/CoreServices.framework/Versions/A/Frameworks/CarbonCore.framework/Versions/A/CarbonCore
0x0000000055e88000 	/System/Library/Frameworks/CoreServices.framework/Versions/A/Frameworks/Metadata.framework/Versions/A/Metadata
0x0000000055e88000 	/System/Library/Frameworks/CoreServices.framework/Versions/A/Frameworks/OSServices.framework/Versions/A/OSServices
0x0000000055e88000 	/System/Library/Frameworks/CoreServices.framework/Versions/A/Frameworks/SearchKit.framework/Versions/A/SearchKit
0x0000000055e88000 	/System/Library/Frameworks/CoreServices.framework/Versions/A/Frameworks/AE.framework/Versions/A/AE
0x0000000055e88000 	/System/Library/Frameworks/CoreServices.framework/Versions/A/Frameworks/LaunchServices.framework/Versions/A/LaunchServices
0x0000000055e88000 	/System/Library/Frameworks/CoreServices.framework/Versions/A/Frameworks/DictionaryServices.framework/Versions/A/DictionaryServices
0x0000000055e88000 	/System/Library/Frameworks/CoreServices.framework/Versions/A/Frameworks/SharedFileList.framework/Versions/A/SharedFileList
0x0000000055e88000 	/System/Library/Frameworks/NetFS.framework/Versions/A/NetFS
0x0000000055e88000 	/System/Library/PrivateFrameworks/NetAuth.framework/Versions/A/NetAuth
0x0000000055e88000 	/System/Library/PrivateFrameworks/login.framework/Versions/A/Frameworks/loginsupport.framework/Versions/A/loginsupport
0x0000000055e88000 	/System/Library/PrivateFrameworks/TCC.framework/Versions/A/TCC
0x0000000055e88000 	/usr/lib/libmecabra.dylib
0x0000000055e88000 	/System/Library/Frameworks/ApplicationServices.framework/Versions/A/Frameworks/ATS.framework/Versions/A/ATS
0x0000000055e88000 	/System/Library/Frameworks/ApplicationServices.framework/Versions/A/Frameworks/ColorSync.framework/Versions/A/ColorSync
0x0000000055e88000 	/System/Library/Frameworks/ApplicationServices.framework/Versions/A/Frameworks/HIServices.framework/Versions/A/HIServices
0x0000000055e88000 	/System/Library/Frameworks/ApplicationServices.framework/Versions/A/Frameworks/LangAnalysis.framework/Versions/A/LangAnalysis
0x0000000055e88000 	/System/Library/Frameworks/ApplicationServices.framework/Versions/A/Frameworks/PrintCore.framework/Versions/A/PrintCore
0x0000000055e88000 	/System/Library/Frameworks/ApplicationServices.framework/Versions/A/Frameworks/QD.framework/Versions/A/QD
0x0000000055e88000 	/System/Library/Frameworks/ApplicationServices.framework/Versions/A/Frameworks/SpeechSynthesis.framework/Versions/A/SpeechSynthesis
0x0000000055e88000 	/System/Library/Frameworks/Accelerate.framework/Versions/A/Frameworks/vImage.framework/Versions/A/vImage
0x0000000055e88000 	/System/Library/Frameworks/Accelerate.framework/Versions/A/Frameworks/vecLib.framework/Versions/A/vecLib
0x0000000055e88000 	/System/Library/Frameworks/Accelerate.framework/Versions/A/Frameworks/vecLib.framework/Versions/A/libvDSP.dylib
0x0000000055e88000 	/System/Library/Frameworks/Accelerate.framework/Versions/A/Frameworks/vecLib.framework/Versions/A/libBNNS.dylib
0x0000000055e88000 	/System/Library/Frameworks/Accelerate.framework/Versions/A/Frameworks/vecLib.framework/Versions/A/libQuadrature.dylib
0x0000000055e88000 	/System/Library/Frameworks/Accelerate.framework/Versions/A/Frameworks/vecLib.framework/Versions/A/libvMisc.dylib
0x0000000055e88000 	/System/Library/Frameworks/Accelerate.framework/Versions/A/Frameworks/vecLib.framework/Versions/A/libLAPACK.dylib
0x0000000055e88000 	/System/Library/Frameworks/Accelerate.framework/Versions/A/Frameworks/vecLib.framework/Versions/A/libBLAS.dylib
0x0000000055e88000 	/System/Library/Frameworks/Accelerate.framework/Versions/A/Frameworks/vecLib.framework/Versions/A/libLinearAlgebra.dylib
0x0000000055e88000 	/System/Library/Frameworks/Accelerate.framework/Versions/A/Frameworks/vecLib.framework/Versions/A/libSparseBLAS.dylib
0x0000000055e88000 	/System/Library/Frameworks/ApplicationServices.framework/Versions/A/Frameworks/ATS.framework/Versions/A/Resources/libFontParser.dylib
0x0000000055e88000 	/System/Library/Frameworks/ApplicationServices.framework/Versions/A/Frameworks/ATS.framework/Versions/A/Resources/libFontRegistry.dylib
0x0000000055e88000 	/System/Library/Frameworks/ImageIO.framework/Versions/A/Resources/libJPEG.dylib
0x0000000055e88000 	/System/Library/Frameworks/ImageIO.framework/Versions/A/Resources/libTIFF.dylib
0x0000000055e88000 	/System/Library/Frameworks/ImageIO.framework/Versions/A/Resources/libPng.dylib
0x0000000055e88000 	/System/Library/Frameworks/ImageIO.framework/Versions/A/Resources/libGIF.dylib
0x0000000055e88000 	/System/Library/Frameworks/ImageIO.framework/Versions/A/Resources/libJP2.dylib
0x0000000055e88000 	/System/Library/Frameworks/ImageIO.framework/Versions/A/Resources/libRadiance.dylib
0x0000000055e88000 	/usr/lib/libcompression.dylib
0x0000000055e88000 	/System/Library/PrivateFrameworks/AppleJPEG.framework/Versions/A/AppleJPEG
0x0000000055e88000 	/usr/lib/libcups.2.dylib
0x0000000055e88000 	/System/Library/Frameworks/Kerberos.framework/Versions/A/Kerberos
0x0000000055e88000 	/System/Library/Frameworks/GSS.framework/Versions/A/GSS
0x0000000055e88000 	/usr/lib/libresolv.9.dylib
0x0000000055e88000 	/usr/lib/libiconv.2.dylib
0x0000000055e88000 	/System/Library/PrivateFrameworks/Heimdal.framework/Versions/A/Heimdal
0x0000000055e88000 	/usr/lib/libheimdal-asn1.dylib
0x0000000055e88000 	/System/Library/Frameworks/OpenDirectory.framework/Versions/A/OpenDirectory
0x0000000055e88000 	/System/Library/PrivateFrameworks/CommonAuth.framework/Versions/A/CommonAuth
0x0000000055e88000 	/System/Library/Frameworks/OpenDirectory.framework/Versions/A/Frameworks/CFOpenDirectory.framework/Versions/A/CFOpenDirectory
0x0000000055e88000 	/System/Library/Frameworks/SecurityFoundation.framework/Versions/A/SecurityFoundation
0x0000000055e88000 	/System/Library/PrivateFrameworks/LanguageModeling.framework/Versions/A/LanguageModeling
0x0000000055e88000 	/usr/lib/libmarisa.dylib
0x0000000055e88000 	/usr/lib/libChineseTokenizer.dylib
0x0000000055e88000 	/usr/lib/libcmph.dylib
0x0000000055e88000 	/System/Library/PrivateFrameworks/CoreEmoji.framework/Versions/A/CoreEmoji
0x0000000055e88000 	/System/Library/Frameworks/ServiceManagement.framework/Versions/A/ServiceManagement
0x0000000055e88000 	/usr/lib/libxslt.1.dylib
0x0000000055e88000 	/System/Library/Frameworks/Carbon.framework/Versions/A/Frameworks/Ink.framework/Versions/A/Ink
0x0000000055e88000 	/System/Library/PrivateFrameworks/TextureIO.framework/Versions/A/TextureIO
0x0000000055e88000 	/System/Library/Frameworks/Metal.framework/Versions/A/Metal
0x0000000055e88000 	/usr/lib/libate.dylib
0x0000000055e88000 	/System/Library/PrivateFrameworks/GPUCompiler.framework/libmetal_timestamp.dylib
0x0000000055e88000 	/System/Library/Frameworks/OpenGL.framework/Versions/A/Libraries/libCoreFSCache.dylib
0x0000000055e88000 	/System/Library/PrivateFrameworks/IOAccelerator.framework/Versions/A/IOAccelerator
0x0000000055e88000 	/System/Library/Frameworks/CoreVideo.framework/Versions/A/CoreVideo
0x0000000055e88000 	/usr/lib/libFosl_dynamic.dylib
0x0000000055e88000 	/System/Library/PrivateFrameworks/MetalPerformanceShaders.framework/Versions/A/MetalPerformanceShaders
0x0000000055e88000 	/System/Library/PrivateFrameworks/FaceCore.framework/Versions/A/FaceCore
0x0000000055e88000 	/System/Library/Frameworks/OpenCL.framework/Versions/A/OpenCL
0x0000000055e88000 	/System/Library/Frameworks/OpenGL.framework/Versions/A/Libraries/libGLU.dylib
0x0000000055e88000 	/System/Library/Frameworks/OpenGL.framework/Versions/A/Libraries/libGFXShared.dylib
0x0000000055e88000 	/System/Library/Frameworks/OpenGL.framework/Versions/A/Libraries/libGL.dylib
0x0000000055e88000 	/System/Library/Frameworks/OpenGL.framework/Versions/A/Libraries/libGLImage.dylib
0x0000000055e88000 	/System/Library/Frameworks/OpenGL.framework/Versions/A/Libraries/libCVMSPluginSupport.dylib
0x0000000055e88000 	/System/Library/Frameworks/OpenGL.framework/Versions/A/Libraries/libCoreVMClient.dylib
0x0000000055e88000 	/System/Library/PrivateFrameworks/CrashReporterSupport.framework/Versions/A/CrashReporterSupport
0x0000000055e88000 	/System/Library/PrivateFrameworks/Sharing.framework/Versions/A/Sharing
0x0000000055e88000 	/System/Library/PrivateFrameworks/IconServices.framework/Versions/A/IconServices
0x0000000055e88000 	/System/Library/PrivateFrameworks/ProtocolBuffer.framework/Versions/A/ProtocolBuffer
0x0000000055e88000 	/System/Library/PrivateFrameworks/Apple80211.framework/Versions/A/Apple80211
0x0000000055e88000 	/System/Library/Frameworks/CoreWLAN.framework/Versions/A/CoreWLAN
0x0000000055e88000 	/System/Library/PrivateFrameworks/CoreUtils.framework/Versions/A/CoreUtils
0x0000000055e88000 	/System/Library/Frameworks/IOBluetooth.framework/Versions/A/IOBluetooth
0x0000000055e88000 	/System/Library/PrivateFrameworks/CoreWiFi.framework/Versions/A/CoreWiFi
0x0000000055e88000 	/System/Library/Frameworks/CoreBluetooth.framework/Versions/A/CoreBluetooth
0x0000000055e88000 	/System/Library/Frameworks/CoreDisplay.framework/Versions/A/CoreDisplay
0x0000000055e88000 	/System/Library/PrivateFrameworks/IOPresentment.framework/Versions/A/IOPresentment
0x0000000055e88000 	/System/Library/PrivateFrameworks/DebugSymbols.framework/Versions/A/DebugSymbols
0x0000000055e88000 	/System/Library/PrivateFrameworks/CoreSymbolication.framework/Versions/A/CoreSymbolication
0x0000000055e88000 	/System/Library/PrivateFrameworks/Symbolication.framework/Versions/A/Symbolication
0x0000000055e88000 	/System/Library/PrivateFrameworks/AppleFSCompression.framework/Versions/A/AppleFSCompression
0x0000000055e88000 	/System/Library/PrivateFrameworks/SpeechRecognitionCore.framework/Versions/A/SpeechRecognitionCore
0x0000000055e88000 	/System/Library/PrivateFrameworks/ChunkingLibrary.framework/Versions/A/ChunkingLibrary
0x000000010d400000 	/Library/Java/JavaVirtualMachines/jdk1.8.0_25.jdk/Contents/Home/jre/lib/server/libjvm.dylib
0x0000000055e88000 	/usr/lib/libstdc++.6.dylib
0x000000010cbbc000 	/Library/Java/JavaVirtualMachines/jdk1.8.0_25.jdk/Contents/Home/jre/lib/libverify.dylib
0x000000010cbca000 	/Library/Java/JavaVirtualMachines/jdk1.8.0_25.jdk/Contents/Home/jre/lib/libjava.dylib
0x000000010e324000 	/Library/Java/JavaVirtualMachines/jdk1.8.0_25.jdk/Contents/Home/jre/lib/libzip.dylib
0x0000000110c8d000 	/System/Library/Frameworks/JavaVM.framework/Frameworks/JavaRuntimeSupport.framework/JavaRuntimeSupport
0x0000000110ca7000 	/System/Library/Frameworks/JavaVM.framework/Versions/A/Frameworks/JavaNativeFoundation.framework/Versions/A/JavaNativeFoundation
0x0000000110cbc000 	/System/Library/Frameworks/JavaVM.framework/Versions/A/JavaVM
0x0000000055e88000 	/System/Library/Frameworks/Carbon.framework/Versions/A/Carbon
0x0000000110cc9000 	/System/Library/PrivateFrameworks/JavaLaunching.framework/Versions/A/JavaLaunching
0x0000000055e88000 	/System/Library/Frameworks/Carbon.framework/Versions/A/Frameworks/CommonPanels.framework/Versions/A/CommonPanels
0x0000000055e88000 	/System/Library/Frameworks/Carbon.framework/Versions/A/Frameworks/Help.framework/Versions/A/Help
0x0000000055e88000 	/System/Library/Frameworks/Carbon.framework/Versions/A/Frameworks/ImageCapture.framework/Versions/A/ImageCapture
0x0000000055e88000 	/System/Library/Frameworks/Carbon.framework/Versions/A/Frameworks/OpenScripting.framework/Versions/A/OpenScripting
0x0000000055e88000 	/System/Library/Frameworks/Carbon.framework/Versions/A/Frameworks/Print.framework/Versions/A/Print
0x0000000055e88000 	/System/Library/Frameworks/Carbon.framework/Versions/A/Frameworks/SecurityHI.framework/Versions/A/SecurityHI
0x0000000110daf000 	/Library/Java/JavaVirtualMachines/jdk1.8.0_25.jdk/Contents/Home/jre/lib/libprism_es2.dylib
0x0000000055e88000 	/System/Library/Frameworks/OpenGL.framework/Versions/A/Resources/GLEngine.bundle/GLEngine
0x0000000055e88000 	/System/Library/Frameworks/OpenGL.framework/Versions/A/Libraries/libGLProgrammability.dylib
0x0000000125779000 	/System/Library/Extensions/AppleIntelHD5000GraphicsGLDriver.bundle/Contents/MacOS/AppleIntelHD5000GraphicsGLDriver
0x0000000055e88000 	/System/Library/PrivateFrameworks/GPUSupport.framework/Versions/A/Libraries/libGPUSupportMercury.dylib
0x0000000055e88000 	/System/Library/Frameworks/OpenGL.framework/Versions/A/Resources/GLRendererFloat.bundle/GLRendererFloat
0x0000000055e88000 	/System/Library/Frameworks/OpenCL.framework/Versions/A/Libraries/libcldcpuengine.dylib
0x0000000055e88000 	/usr/lib/libcrypto.0.9.8.dylib
0x0000000055e88000 	/System/Library/PrivateFrameworks/TrustEvaluationAgent.framework/Versions/A/TrustEvaluationAgent
0x0000000126307000 	/Library/Java/JavaVirtualMachines/jdk1.8.0_25.jdk/Contents/Home/jre/lib/libglass.dylib
0x0000000055e88000 	/System/Library/PrivateFrameworks/CoreServicesInternal.framework/Versions/A/CoreServicesInternal
0x0000000055e88000 	/System/Library/CoreServices/RawCamera.bundle/Contents/MacOS/RawCamera
0x0000000055e88000 	/System/Library/Frameworks/Accelerate.framework/Versions/A/Frameworks/vImage.framework/Versions/A/Libraries/libCGInterfaces.dylib
0x0000000055e88000 	/System/Library/PrivateFrameworks/FamilyControls.framework/Versions/A/FamilyControls
0x0000000055e88000 	/System/Library/PrivateFrameworks/CommerceKit.framework/Versions/A/Frameworks/CommerceCore.framework/Versions/A/CommerceCore
0x0000000055e88000 	/System/Library/PrivateFrameworks/SystemAdministration.framework/Versions/A/SystemAdministration
0x0000000055e88000 	/System/Library/PrivateFrameworks/AppContainer.framework/Versions/A/AppContainer
0x0000000055e88000 	/System/Library/PrivateFrameworks/SecCodeWrapper.framework/Versions/A/SecCodeWrapper
0x0000000055e88000 	/System/Library/Frameworks/DirectoryService.framework/Versions/A/DirectoryService
0x0000000055e88000 	/System/Library/PrivateFrameworks/DiskImages.framework/Versions/A/DiskImages
0x0000000055e88000 	/System/Library/PrivateFrameworks/LoginUIKit.framework/Versions/A/Frameworks/LoginUICore.framework/Versions/A/LoginUICore
0x0000000055e88000 	/usr/lib/libCoreStorage.dylib
0x0000000055e88000 	/usr/lib/libcsfde.dylib
0x0000000055e88000 	/usr/lib/libodfde.dylib
0x0000000055e88000 	/System/Library/Frameworks/DiscRecording.framework/Versions/A/DiscRecording
0x0000000055e88000 	/usr/lib/libcurl.4.dylib
0x0000000055e88000 	/System/Library/PrivateFrameworks/MediaKit.framework/Versions/A/MediaKit
0x0000000055e88000 	/System/Library/PrivateFrameworks/ProtectedCloudStorage.framework/Versions/A/ProtectedCloudStorage
0x0000000055e88000 	/System/Library/PrivateFrameworks/EFILogin.framework/Versions/A/EFILogin
0x0000000055e88000 	/usr/lib/libutil.dylib
0x0000000055e88000 	/System/Library/Frameworks/LDAP.framework/Versions/A/LDAP
0x0000000055e88000 	/usr/lib/libsasl2.2.dylib
0x0000000055e88000 	/System/Library/PrivateFrameworks/CoreDaemon.framework/Versions/B/CoreDaemon
0x0000000055e88000 	/System/Library/PrivateFrameworks/AppleSRP.framework/Versions/A/AppleSRP
0x0000000055e88000 	/System/Library/PrivateFrameworks/APFS.framework/Versions/A/APFS
0x0000000128dd4000 	/Library/Java/JavaVirtualMachines/jdk1.8.0_25.jdk/Contents/Home/jre/lib/libjsound.dylib
0x0000000128de7000 	/System/Library/Frameworks/CoreMIDI.framework/Versions/A/CoreMIDI
0x0000000128e4e000 	/usr/lib/libexpat.1.dylib
0x0000000128e71000 	/System/Library/Extensions/AppleHDA.kext/Contents/PlugIns/AppleHDAHALPlugIn.bundle/Contents/MacOS/AppleHDAHALPlugIn
0x00000001290a1000 	/Library/Java/JavaVirtualMachines/jdk1.8.0_25.jdk/Contents/Home/jre/lib/libjavafx_font.dylib
0x0000000129508000 	/Library/Java/JavaVirtualMachines/jdk1.8.0_25.jdk/Contents/Home/jre/lib/libsunec.dylib
0x0000000129af7000 	/Library/Java/JavaVirtualMachines/jdk1.8.0_25.jdk/Contents/Home/jre/lib/libnet.dylib
0x0000000055e88000 	/System/Library/Frameworks/ApplicationServices.framework/Versions/A/Frameworks/ATS.framework/Versions/A/Resources/libTrueTypeScaler.dylib
0x000000012b6a8000 	/System/Library/Extensions/AppleIntelHD5000GraphicsMTLDriver.bundle/Contents/MacOS/AppleIntelHD5000GraphicsMTLDriver
0x000000012b67f000 	/Library/Java/JavaVirtualMachines/jdk1.8.0_25.jdk/Contents/Home/jre/lib/libprism_common.dylib
0x0000000055e88000 	/System/Library/PrivateFrameworks/ViewBridge.framework/Versions/A/ViewBridge
0x0000000055e88000 	/System/Library/PrivateFrameworks/XPCService.framework/Versions/A/XPCService
0x0000000055e88000 	/System/Library/PrivateFrameworks/AppSandbox.framework/Versions/A/AppSandbox
0x0000000055e88000 	/usr/lib/libsandbox.1.dylib
0x0000000055e88000 	/usr/lib/libMatch.1.dylib
0x000000012cbb5000 	/System/Library/Components/CoreAudio.component/Contents/MacOS/CoreAudio

VM Arguments:
jvm_args: -Dfile.encoding=UTF-8 
java_command: GUI
java_class_path (initial): /Users/Josh/Documents/workspace/Wats Up/target/classes:/Users/Josh/.m2/repository/com/ibm/watson/developer_cloud/java-sdk/2.9.0/java-sdk-2.9.0.jar:/Users/Josh/.m2/repository/com/squareup/okhttp/okhttp/2.7.2/okhttp-2.7.2.jar:/Users/Josh/.m2/repository/com/squareup/okio/okio/1.6.0/okio-1.6.0.jar:/Users/Josh/.m2/repository/com/google/code/gson/gson/2.6.2/gson-2.6.2.jar:/Users/Josh/.m2/repository/org/apache/commons/commons-lang3/3.4/commons-lang3-3.4.jar:/Users/Josh/.m2/repository/com/neovisionaries/nv-websocket-client/1.22/nv-websocket-client-1.22.jar
Launcher Type: SUN_STANDARD

Environment Variables:
PATH=/usr/bin:/bin:/usr/sbin:/sbin
SHELL=/bin/bash
DISPLAY=/private/tmp/com.apple.launchd.dPGMKGRGlD/org.macosforge.xquartz:0

Signal Handlers:
SIGSEGV: [libjvm.dylib+0x579dc7], sa_mask[0]=11111111011111110111111111111111, sa_flags=SA_ONSTACK|SA_RESTART|SA_SIGINFO
SIGBUS: [libjvm.dylib+0x579dc7], sa_mask[0]=11111111011111110111111111111111, sa_flags=SA_RESTART|SA_SIGINFO
SIGFPE: [libjvm.dylib+0x45b030], sa_mask[0]=11111111011111110111111111111111, sa_flags=SA_RESTART|SA_SIGINFO
SIGPIPE: [libjvm.dylib+0x45b030], sa_mask[0]=11111111011111110111111111111111, sa_flags=SA_RESTART|SA_SIGINFO
SIGXFSZ: [libjvm.dylib+0x45b030], sa_mask[0]=11111111011111110111111111111111, sa_flags=SA_RESTART|SA_SIGINFO
SIGILL: [libjvm.dylib+0x45b030], sa_mask[0]=11111111011111110111111111111111, sa_flags=SA_RESTART|SA_SIGINFO
SIGUSR1: SIG_DFL, sa_mask[0]=00000000000000000000000000000000, sa_flags=none
SIGUSR2: [libjvm.dylib+0x45ab4e], sa_mask[0]=00100000000000000000000000000000, sa_flags=SA_RESTART|SA_SIGINFO
SIGHUP: [libjvm.dylib+0x459121], sa_mask[0]=11111111011111110111111111111111, sa_flags=SA_RESTART|SA_SIGINFO
SIGINT: [libjvm.dylib+0x459121], sa_mask[0]=11111111011111110111111111111111, sa_flags=SA_RESTART|SA_SIGINFO
SIGTERM: [libjvm.dylib+0x459121], sa_mask[0]=11111111011111110111111111111111, sa_flags=SA_RESTART|SA_SIGINFO
SIGQUIT: [libjvm.dylib+0x459121], sa_mask[0]=11111111011111110111111111111111, sa_flags=SA_RESTART|SA_SIGINFO


---------------  S Y S T E M  ---------------

OS:Bsduname:Darwin 16.0.0 Darwin Kernel Version 16.0.0: Mon Aug 29 17:56:20 PDT 2016; root:xnu-3789.1.32~3/RELEASE_X86_64 x86_64
rlimit: STACK 8192k, CORE 0k, NPROC 709, NOFILE 10240, AS infinity
load average:1.34 1.45 1.69

CPU:total 4 (2 cores per cpu, 2 threads per core) family 6 model 69 stepping 1, cmov, cx8, fxsr, mmx, sse, sse2, sse3, ssse3, sse4.1, sse4.2, popcnt, avx, avx2, aes, clmul, erms, lzcnt, ht, tsc, tscinvbit, bmi1, bmi2

Memory: 4k page, physical 8388608k(200756k free)

/proc/meminfo:


vm_info: Java HotSpot(TM) 64-Bit Server VM (25.25-b02) for bsd-amd64 JRE (1.8.0_25-b17), built on Sep 17 2014 16:56:50 by "java_re" with gcc 4.2.1 (Based on Apple Inc. build 5658) (LLVM build 2336.11.00)

time: Sun Oct 16 14:06:55 2016
elapsed time: 1141 seconds (0d 0h 19m 1s)

