#
# A fatal error has been detected by the Java Runtime Environment:
#
#  SIGSEGV (0xb) at pc=0x0000000114d0e3fd, pid=25937, tid=2059
#
# JRE version: Java(TM) SE Runtime Environment (8.0_25-b17) (build 1.8.0_25-b17)
# Java VM: Java HotSpot(TM) 64-Bit Server VM (25.25-b02 mixed mode bsd-amd64 compressed oops)
# Problematic frame:
# C  [libglass.dylib+0x163fd]  GlassScreenDidChangeScreenParameters+0x9d
#
# Failed to write core dump. Core dumps have been disabled. To enable core dumping, try "ulimit -c unlimited" before starting Java again
#
# If you would like to submit a bug report, please visit:
#   http://bugreport.sun.com/bugreport/crash.jsp
#

---------------  T H R E A D  ---------------

Current thread is native thread

siginfo: si_signo: 11 (SIGSEGV), si_code: 1 (SEGV_MAPERR), si_addr: 0x0000000000000000

Registers:
RAX=0x0000000114d40e40, RBX=0x0000000000000000, RCX=0x0000000000000103, RDX=0x00007fae17d88da0
RSP=0x00007fff5563c940, RBP=0x00007fff5563c950, RSI=0x00007fae17f0c3c8, RDI=0x0000000000000000
R8 =0x0000000000000040, R9 =0x00007fffe8d9d040, R10=0xffffffffffffffff, R11=0x0000000000012068
R12=0x0000000000000000, R13=0x00007fae17f5edd0, R14=0x00007fae17eee630, R15=0x0000000000000000
RIP=0x0000000114d0e3fd, EFLAGS=0x0000000000010206, ERR=0x0000000000000004
  TRAPNO=0x000000000000000e

Top of Stack: (sp=0x00007fff5563c940)
0x00007fff5563c940:   00007fae17f5ee10 00007fae17eee630
0x00007fff5563c950:   00007fff5563c960 00007fffcb09a63c
0x00007fff5563c960:   00007fff5563c9d0 00007fffcb09a53b
0x00007fff5563c970:   000000010a5db000 00007fffe8d98060
0x00007fff5563c980:   00000000c2000000 00007fffcb09a590
0x00007fff5563c990:   00007fffe579e680 00007fae17f5edd0
0x00007fff5563c9a0:   00007fae17eee630 00007fff5563d198
0x00007fff5563c9b0:   00007fffdf7d8b40 00007fff5563caa0
0x00007fff5563c9c0:   00007fae17f5edd0 00007fffc98529f2
0x00007fff5563c9d0:   00007fff5563ca10 00007fffcb09a2a2
0x00007fff5563c9e0:   00007fff5563cfe0 0000000000000000
0x00007fff5563c9f0:   00007fffdf7d8b40 00007fff5563caa0
0x00007fff5563ca00:   00007fff5563d198 00007fffc98529f2
0x00007fff5563ca10:   00007fff5563d130 00007fffcb0579a3
0x00007fff5563ca20:   00007fff5563ca40 00007fffcb019bd0
0x00007fff5563ca30:   00007fae17c3ca90 00007fff5563d080
0x00007fff5563ca40:   00007fae17f28630 00007fffe579fcb0
0x00007fff5563ca50:   0000000000000000 00007fae189e1048
0x00007fff5563ca60:   00007fae17f28601 00007fae17d4ae60
0x00007fff5563ca70:   00007fffe58d1f10 0000000000000000
0x00007fff5563ca80:   00007fae17f5ee40 0000000000000000
0x00007fff5563ca90:   0000000000000000 00007fffe57de860
0x00007fff5563caa0:   00007fff5563cfe0 0000000000000001
0x00007fff5563cab0:   0000000000000100 00007fff5563cb00
0x00007fff5563cac0:   00007fff5563cee0 0000000000000000
0x00007fff5563cad0:   0000000000000100 00007fffe57dfd00
0x00007fff5563cae0:   00007fff5563d080 0000000000000001
0x00007fff5563caf0:   00007fff5563cb30 00007fffcb05264c
0x00007fff5563cb00:   000000000000000d 00007fae17c3ca90
0x00007fff5563cb10:   00007fae17c3ca90 00007fffe57dfde0
0x00007fff5563cb20:   00007fae17d11a90 0000000000000001
0x00007fff5563cb30:   00007fff5563d1b0 00007fffcb052169 

Instructions: (pc=0x0000000114d0e3fd)
0x0000000114d0e3dd:   89 df 4c 89 f1 41 ff 90 68 04 00 00 48 8d 05 58
0x0000000114d0e3ed:   29 03 00 48 8b 30 48 8d 05 46 2a 03 00 48 8b 10
0x0000000114d0e3fd:   48 8b 0b 30 c0 48 89 df ff 91 68 04 00 00 48 8b
0x0000000114d0e40d:   03 48 89 df ff 50 78 48 85 c0 74 36 49 89 c6 48 

Register to memory mapping:

RAX=0x0000000114d40e40: jScreenNotifySettingsChanged+0 in /Library/Java/JavaVirtualMachines/jdk1.8.0_25.jdk/Contents/Home/jre/lib/libglass.dylib at 0x0000000114cf8000
RBX=0x0000000000000000 is an unknown value
RCX=0x0000000000000103 is an unknown value
RDX=0x00007fae17d88da0 is an unknown value
RSP=0x00007fff5563c940 is an unknown value
RBP=0x00007fff5563c950 is an unknown value
RSI=0x00007fae17f0c3c8 is a global jni handle
RDI=0x0000000000000000 is an unknown value
R8 =0x0000000000000040 is an unknown value
R9 =0x00007fffe8d9d040: __sFX+0x1c0 in /usr/lib/system/libsystem_c.dylib at 0x00007fffe00f9000
R10=0xffffffffffffffff is an unknown value
R11=0x0000000000012068 is an unknown value
R12=0x0000000000000000 is an unknown value
R13=0x00007fae17f5edd0 is an unknown value
R14=0x00007fae17eee630 is an unknown value
R15=0x0000000000000000 is an unknown value


Stack: [0x00007fff54e40000,0x00007fff55640000],  sp=0x00007fff5563c940,  free space=8178k
Native frames: (J=compiled Java code, j=interpreted, Vv=VM code, C=native code)
C  [libglass.dylib+0x163fd]  GlassScreenDidChangeScreenParameters+0x9d
C  [CoreFoundation+0x9d63c]  __CFNOTIFICATIONCENTER_IS_CALLING_OUT_TO_AN_OBSERVER__+0xc
C  [CoreFoundation+0x9d53b]  _CFXRegistrationPost+0x1ab
C  [CoreFoundation+0x9d2a2]  ___CFXNotificationPost_block_invoke+0x32
C  [CoreFoundation+0x5a9a3]  -[_CFXNotificationRegistrar find:object:observer:enumerator:]+0x723
C  [CoreFoundation+0x599dc]  _CFXNotificationPost+0x25c
C  [Foundation+0x70e3]  -[NSNotificationCenter postNotificationName:object:userInfo:]+0x42
C  [AppKit+0x3f0914]  -[NSApplication _reactToScreenInvalidationImmediately:]+0x18f
C  [AppKit+0x3f0751]  __44-[NSApplication _reactToScreenInvalidation:]_block_invoke+0x3b
C  [CoreFoundation+0xa73ac]  __CFRUNLOOP_IS_CALLING_OUT_TO_A_BLOCK__+0xc
C  [CoreFoundation+0x88424]  __CFRunLoopDoBlocks+0x164
C  [CoreFoundation+0x87f66]  __CFRunLoopRun+0x756
C  [CoreFoundation+0x875b4]  CFRunLoopRunSpecific+0x1a4
C  [java+0x56cc]  CreateExecutionEnvironment+0x367
C  [java+0x165c]  JLI_Launch+0x7a0
C  [java+0x768a]  main+0x65
C  [java+0xeb4]  start+0x34


---------------  P R O C E S S  ---------------

VM state:not at safepoint (normal execution)

VM Mutex/Monitor currently owned by a thread: None

Heap:
 PSYoungGen      total 38400K, used 12660K [0x0000000795580000, 0x0000000798000000, 0x00000007c0000000)
  eden space 33280K, 22% used [0x0000000795580000,0x0000000795cdd6d0,0x0000000797600000)
  from space 5120K, 99% used [0x0000000797b00000,0x0000000797fffd08,0x0000000798000000)
  to   space 5120K, 0% used [0x0000000797600000,0x0000000797600000,0x0000000797b00000)
 ParOldGen       total 87552K, used 5153K [0x0000000740000000, 0x0000000745580000, 0x0000000795580000)
  object space 87552K, 5% used [0x0000000740000000,0x0000000740508450,0x0000000745580000)
 Metaspace       used 19615K, capacity 20162K, committed 20480K, reserved 1067008K
  class space    used 2403K, capacity 2545K, committed 2560K, reserved 1048576K

Card table byte_map: [0x000000010c1c0000,0x000000010c5c1000] byte_map_base: 0x00000001087c0000

Marking Bits: (ParMarkBitMap*) 0x000000010aed9390
 Begin Bits: [0x000000010c86c000, 0x000000010e86c000)
 End Bits:   [0x000000010e86c000, 0x000000011086c000)

Polling page: 0x000000010b59a000

CodeCache: size=245760Kb used=8272Kb max_used=8272Kb free=237487Kb
 bounds [0x000000011640c000, 0x0000000116c2c000, 0x000000012540c000]
 total_blobs=3450 nmethods=2775 adapters=589
 compilation: enabled

Compilation events (10 events):
Event: 377.105 Thread 0x00007fae18825800 nmethod 3042 0x0000000116c18090 code [0x0000000116c18540, 0x0000000116c1ac38]
Event: 377.105 Thread 0x00007fae18825800 3045       3       jdk.internal.org.objectweb.asm.MethodWriter::put (1599 bytes)
Event: 377.108 Thread 0x00007fae18825000 nmethod 3046 0x0000000116c20750 code [0x0000000116c208e0, 0x0000000116c20cf8]
Event: 377.109 Thread 0x00007fae18825800 nmethod 3045 0x0000000116c210d0 code [0x0000000116c219a0, 0x0000000116c255d8]
Event: 377.109 Thread 0x00007fae18825800 3047       3       java.util.concurrent.locks.AbstractQueuedSynchronizer::setHead (16 bytes)
Event: 377.109 Thread 0x00007fae18825800 nmethod 3047 0x0000000116c20350 code [0x0000000116c204c0, 0x0000000116c20690]
Event: 377.109 Thread 0x00007fae18825800 3043       3       jdk.internal.org.objectweb.asm.MethodWriter::visitEnd (1 bytes)
Event: 377.109 Thread 0x00007fae18825800 nmethod 3043 0x0000000116c10b50 code [0x0000000116c10ca0, 0x0000000116c10df0]
Event: 377.109 Thread 0x00007fae18825800 3044       3       jdk.internal.org.objectweb.asm.MethodWriter::getSize (838 bytes)
Event: 377.112 Thread 0x00007fae18825800 nmethod 3044 0x0000000116c27a90 code [0x0000000116c27f20, 0x0000000116c2a3e8]

GC Heap History (4 events):
Event: 45.182 GC heap before
{Heap before GC invocations=1 (full 0):
 PSYoungGen      total 38400K, used 33280K [0x0000000795580000, 0x0000000798000000, 0x00000007c0000000)
  eden space 33280K, 100% used [0x0000000795580000,0x0000000797600000,0x0000000797600000)
  from space 5120K, 0% used [0x0000000797b00000,0x0000000797b00000,0x0000000798000000)
  to   space 5120K, 0% used [0x0000000797600000,0x0000000797600000,0x0000000797b00000)
 ParOldGen       total 87552K, used 0K [0x0000000740000000, 0x0000000745580000, 0x0000000795580000)
  object space 87552K, 0% used [0x0000000740000000,0x0000000740000000,0x0000000745580000)
 Metaspace       used 14484K, capacity 15004K, committed 15104K, reserved 1062912K
  class space    used 1910K, capacity 2044K, committed 2048K, reserved 1048576K
Event: 45.191 GC heap after
Heap after GC invocations=1 (full 0):
 PSYoungGen      total 38400K, used 5092K [0x0000000795580000, 0x0000000798000000, 0x00000007c0000000)
  eden space 33280K, 0% used [0x0000000795580000,0x0000000795580000,0x0000000797600000)
  from space 5120K, 99% used [0x0000000797600000,0x0000000797af92b8,0x0000000797b00000)
  to   space 5120K, 0% used [0x0000000797b00000,0x0000000797b00000,0x0000000798000000)
 ParOldGen       total 87552K, used 1361K [0x0000000740000000, 0x0000000745580000, 0x0000000795580000)
  object space 87552K, 1% used [0x0000000740000000,0x0000000740154488,0x0000000745580000)
 Metaspace       used 14484K, capacity 15004K, committed 15104K, reserved 1062912K
  class space    used 1910K, capacity 2044K, committed 2048K, reserved 1048576K
}
Event: 127.378 GC heap before
{Heap before GC invocations=2 (full 0):
 PSYoungGen      total 38400K, used 38372K [0x0000000795580000, 0x0000000798000000, 0x00000007c0000000)
  eden space 33280K, 100% used [0x0000000795580000,0x0000000797600000,0x0000000797600000)
  from space 5120K, 99% used [0x0000000797600000,0x0000000797af92b8,0x0000000797b00000)
  to   space 5120K, 0% used [0x0000000797b00000,0x0000000797b00000,0x0000000798000000)
 ParOldGen       total 87552K, used 1361K [0x0000000740000000, 0x0000000745580000, 0x0000000795580000)
  object space 87552K, 1% used [0x0000000740000000,0x0000000740154488,0x0000000745580000)
 Metaspace       used 19371K, capacity 19908K, committed 20224K, reserved 1067008K
  class space    used 2387K, capacity 2506K, committed 2560K, reserved 1048576K
Event: 127.390 GC heap after
Heap after GC invocations=2 (full 0):
 PSYoungGen      total 38400K, used 5119K [0x0000000795580000, 0x0000000798000000, 0x00000007c0000000)
  eden space 33280K, 0% used [0x0000000795580000,0x0000000795580000,0x0000000797600000)
  from space 5120K, 99% used [0x0000000797b00000,0x0000000797fffd08,0x0000000798000000)
  to   space 5120K, 0% used [0x0000000797600000,0x0000000797600000,0x0000000797b00000)
 ParOldGen       total 87552K, used 5153K [0x0000000740000000, 0x0000000745580000, 0x0000000795580000)
  object space 87552K, 5% used [0x0000000740000000,0x0000000740508450,0x0000000745580000)
 Metaspace       used 19371K, capacity 19908K, committed 20224K, reserved 1067008K
  class space    used 2387K, capacity 2506K, committed 2560K, reserved 1048576K
}

Deoptimization events (10 events):
Event: 45.166 Thread 0x00007fae1882b800 Uncommon trap: reason=class_check action=maybe_recompile pc=0x0000000116810b40 method=java.util.HashMap.putVal(ILjava/lang/Object;Ljava/lang/Object;ZZ)Ljava/lang/Object; @ 253
Event: 45.166 Thread 0x00007fae1882b800 Uncommon trap: reason=class_check action=maybe_recompile pc=0x0000000116810b40 method=java.util.HashMap.putVal(ILjava/lang/Object;Ljava/lang/Object;ZZ)Ljava/lang/Object; @ 253
Event: 45.166 Thread 0x00007fae1882b800 Uncommon trap: reason=class_check action=maybe_recompile pc=0x0000000116810b40 method=java.util.HashMap.putVal(ILjava/lang/Object;Ljava/lang/Object;ZZ)Ljava/lang/Object; @ 253
Event: 45.166 Thread 0x00007fae1882b800 Uncommon trap: reason=class_check action=maybe_recompile pc=0x0000000116810b40 method=java.util.HashMap.putVal(ILjava/lang/Object;Ljava/lang/Object;ZZ)Ljava/lang/Object; @ 253
Event: 127.195 Thread 0x00007fae19324800 Uncommon trap: reason=unreached action=reinterpret pc=0x000000011690c640 method=java.lang.ThreadLocal$ThreadLocalMap.getEntry(Ljava/lang/ThreadLocal;)Ljava/lang/ThreadLocal$ThreadLocalMap$Entry; @ 29
Event: 127.197 Thread 0x00007fae19324800 Uncommon trap: reason=unreached action=reinterpret pc=0x000000011690caf8 method=java.lang.ThreadLocal$ThreadLocalMap.getEntry(Ljava/lang/ThreadLocal;)Ljava/lang/ThreadLocal$ThreadLocalMap$Entry; @ 29
Event: 355.253 Thread 0x00007fae189e2000 Uncommon trap: reason=bimorphic action=maybe_recompile pc=0x0000000116bcb25c method=com.sun.javafx.event.EventHandlerManager.dispatchCapturingEvent(Ljavafx/event/Event;)Ljavafx/event/Event; @ 1
Event: 355.253 Thread 0x00007fae189e2000 Uncommon trap: reason=bimorphic action=maybe_recompile pc=0x0000000116bcb25c method=com.sun.javafx.event.EventHandlerManager.dispatchCapturingEvent(Ljavafx/event/Event;)Ljavafx/event/Event; @ 1
Event: 355.253 Thread 0x00007fae189e2000 Uncommon trap: reason=bimorphic action=maybe_recompile pc=0x0000000116bcb25c method=com.sun.javafx.event.EventHandlerManager.dispatchCapturingEvent(Ljavafx/event/Event;)Ljavafx/event/Event; @ 1
Event: 355.253 Thread 0x00007fae189e2000 Uncommon trap: reason=bimorphic action=maybe_recompile pc=0x0000000116bcb25c method=com.sun.javafx.event.EventHandlerManager.dispatchCapturingEvent(Ljavafx/event/Event;)Ljavafx/event/Event; @ 1

Internal exceptions (10 events):
Event: 352.488 Thread 0x00007fae18c03000 Exception <a 'java/security/PrivilegedActionException'> (0x0000000795ac85d8) thrown at [/HUDSON3/workspace/8-2-build-macosx-x86_64/jdk8u25/1514/hotspot/src/share/vm/prims/jvm.cpp, line 1312]
Event: 354.389 Thread 0x00007fae189e2000 Exception <a 'java/lang/NullPointerException'> (0x0000000795a6e2d8) thrown at [/HUDSON3/workspace/8-2-build-macosx-x86_64/jdk8u25/1514/hotspot/src/share/vm/prims/jvm.cpp, line 1316]
Event: 355.574 Thread 0x00007fae189e2000 Exception <a 'java/lang/NullPointerException'> (0x0000000795a95ff8) thrown at [/HUDSON3/workspace/8-2-build-macosx-x86_64/jdk8u25/1514/hotspot/src/share/vm/prims/jvm.cpp, line 1316]
Event: 368.564 Thread 0x00007fae189e2000 Exception <a 'java/lang/NullPointerException'> (0x0000000795b4f148) thrown at [/HUDSON3/workspace/8-2-build-macosx-x86_64/jdk8u25/1514/hotspot/src/share/vm/prims/jvm.cpp, line 1316]
Event: 369.571 Thread 0x00007fae189e2000 Exception <a 'java/lang/NullPointerException'> (0x0000000795b69620) thrown at [/HUDSON3/workspace/8-2-build-macosx-x86_64/jdk8u25/1514/hotspot/src/share/vm/prims/jvm.cpp, line 1316]
Event: 370.733 Thread 0x00007fae189e2000 Exception <a 'java/lang/NullPointerException'> (0x0000000795b83bf0) thrown at [/HUDSON3/workspace/8-2-build-macosx-x86_64/jdk8u25/1514/hotspot/src/share/vm/prims/jvm.cpp, line 1316]
Event: 371.775 Thread 0x00007fae189e2000 Exception <a 'java/lang/NullPointerException'> (0x0000000795ba6448) thrown at [/HUDSON3/workspace/8-2-build-macosx-x86_64/jdk8u25/1514/hotspot/src/share/vm/prims/jvm.cpp, line 1316]
Event: 372.977 Thread 0x00007fae189e2000 Exception <a 'java/lang/NullPointerException'> (0x0000000795bd2e00) thrown at [/HUDSON3/workspace/8-2-build-macosx-x86_64/jdk8u25/1514/hotspot/src/share/vm/prims/jvm.cpp, line 1316]
Event: 373.689 Thread 0x00007fae189e2000 Exception <a 'java/lang/NullPointerException'> (0x0000000795bef718) thrown at [/HUDSON3/workspace/8-2-build-macosx-x86_64/jdk8u25/1514/hotspot/src/share/vm/prims/jvm.cpp, line 1316]
Event: 375.117 Thread 0x00007fae189e2000 Exception <a 'java/lang/NullPointerException'> (0x0000000795c23cc0) thrown at [/HUDSON3/workspace/8-2-build-macosx-x86_64/jdk8u25/1514/hotspot/src/share/vm/prims/jvm.cpp, line 1316]

Events (10 events):
Event: 377.098 loading class javafx/application/Application done
Event: 377.102 loading class com/sun/javafx/tk/quantum/QuantumRenderer
Event: 377.102 loading class com/sun/javafx/tk/quantum/QuantumRenderer done
Event: 377.102 loading class com/sun/javafx/tk/quantum/QuantumToolkit
Event: 377.102 loading class com/sun/javafx/tk/quantum/QuantumToolkit done
Event: 377.102 Thread 0x00007fae18077800 Thread exited: 0x00007fae18077800
Event: 377.103 Thread 0x00007fae189e2000 Thread exited: 0x00007fae189e2000
Event: 377.103 Thread 0x00007fae198df000 Thread exited: 0x00007fae198df000
Event: 377.103 Thread 0x00007fae19800800 Thread exited: 0x00007fae19800800
Event: 377.103 Thread 0x00007fae18077800 Thread added: 0x00007fae18077800


Dynamic libraries:
0x0000000055e88000 	/System/Library/Frameworks/Cocoa.framework/Versions/A/Cocoa
0x0000000055e88000 	/System/Library/Frameworks/Security.framework/Versions/A/Security
0x0000000055e88000 	/System/Library/Frameworks/ApplicationServices.framework/Versions/A/ApplicationServices
0x0000000055e88000 	/usr/lib/libz.1.dylib
0x0000000055e88000 	/usr/lib/libSystem.B.dylib
0x0000000055e88000 	/usr/lib/libobjc.A.dylib
0x0000000055e88000 	/System/Library/Frameworks/CoreFoundation.framework/Versions/A/CoreFoundation
0x0000000055e88000 	/System/Library/Frameworks/Foundation.framework/Versions/C/Foundation
0x0000000055e88000 	/System/Library/Frameworks/AppKit.framework/Versions/C/AppKit
0x0000000055e88000 	/System/Library/Frameworks/CoreData.framework/Versions/A/CoreData
0x0000000055e88000 	/System/Library/PrivateFrameworks/RemoteViewServices.framework/Versions/A/RemoteViewServices
0x0000000055e88000 	/System/Library/PrivateFrameworks/UIFoundation.framework/Versions/A/UIFoundation
0x0000000055e88000 	/usr/lib/libenergytrace.dylib
0x0000000055e88000 	/System/Library/PrivateFrameworks/SkyLight.framework/Versions/A/SkyLight
0x0000000055e88000 	/System/Library/Frameworks/CoreGraphics.framework/Versions/A/CoreGraphics
0x0000000055e88000 	/usr/lib/libScreenReader.dylib
0x0000000055e88000 	/System/Library/Frameworks/Accelerate.framework/Versions/A/Accelerate
0x0000000055e88000 	/System/Library/Frameworks/IOSurface.framework/Versions/A/IOSurface
0x0000000055e88000 	/System/Library/Frameworks/AudioToolbox.framework/Versions/A/AudioToolbox
0x0000000055e88000 	/System/Library/Frameworks/AudioUnit.framework/Versions/A/AudioUnit
0x0000000055e88000 	/System/Library/PrivateFrameworks/DataDetectorsCore.framework/Versions/A/DataDetectorsCore
0x0000000055e88000 	/System/Library/PrivateFrameworks/DesktopServicesPriv.framework/Versions/A/DesktopServicesPriv
0x0000000055e88000 	/System/Library/Frameworks/Carbon.framework/Versions/A/Frameworks/HIToolbox.framework/Versions/A/HIToolbox
0x0000000055e88000 	/usr/lib/libicucore.A.dylib
0x0000000055e88000 	/System/Library/Frameworks/QuartzCore.framework/Versions/A/QuartzCore
0x0000000055e88000 	/System/Library/Frameworks/Carbon.framework/Versions/A/Frameworks/SpeechRecognition.framework/Versions/A/SpeechRecognition
0x0000000055e88000 	/usr/lib/libauto.dylib
0x0000000055e88000 	/usr/lib/libxml2.2.dylib
0x0000000055e88000 	/System/Library/PrivateFrameworks/CoreUI.framework/Versions/A/CoreUI
0x0000000055e88000 	/System/Library/Frameworks/CoreAudio.framework/Versions/A/CoreAudio
0x0000000055e88000 	/System/Library/Frameworks/DiskArbitration.framework/Versions/A/DiskArbitration
0x0000000055e88000 	/usr/lib/liblangid.dylib
0x0000000055e88000 	/System/Library/PrivateFrameworks/MultitouchSupport.framework/Versions/A/MultitouchSupport
0x0000000055e88000 	/System/Library/Frameworks/IOKit.framework/Versions/A/IOKit
0x0000000055e88000 	/usr/lib/libDiagnosticMessagesClient.dylib
0x0000000055e88000 	/System/Library/Frameworks/CoreServices.framework/Versions/A/CoreServices
0x0000000055e88000 	/System/Library/PrivateFrameworks/PerformanceAnalysis.framework/Versions/A/PerformanceAnalysis
0x0000000055e88000 	/System/Library/PrivateFrameworks/GenerationalStorage.framework/Versions/A/GenerationalStorage
0x0000000055e88000 	/System/Library/Frameworks/OpenGL.framework/Versions/A/OpenGL
0x0000000055e88000 	/System/Library/Frameworks/CoreImage.framework/Versions/A/CoreImage
0x0000000055e88000 	/System/Library/Frameworks/CoreText.framework/Versions/A/CoreText
0x0000000055e88000 	/System/Library/Frameworks/ImageIO.framework/Versions/A/ImageIO
0x0000000055e88000 	/System/Library/PrivateFrameworks/Backup.framework/Versions/A/Backup
0x0000000055e88000 	/usr/lib/libarchive.2.dylib
0x0000000055e88000 	/System/Library/Frameworks/CFNetwork.framework/Versions/A/CFNetwork
0x0000000055e88000 	/System/Library/Frameworks/SystemConfiguration.framework/Versions/A/SystemConfiguration
0x0000000055e88000 	/usr/lib/libCRFSuite.dylib
0x0000000055e88000 	/usr/lib/libc++.1.dylib
0x0000000055e88000 	/usr/lib/libc++abi.dylib
0x0000000055e88000 	/usr/lib/system/libcache.dylib
0x0000000055e88000 	/usr/lib/system/libcommonCrypto.dylib
0x0000000055e88000 	/usr/lib/system/libcompiler_rt.dylib
0x0000000055e88000 	/usr/lib/system/libcopyfile.dylib
0x0000000055e88000 	/usr/lib/system/libcorecrypto.dylib
0x0000000055e88000 	/usr/lib/system/libdispatch.dylib
0x0000000055e88000 	/usr/lib/system/libdyld.dylib
0x0000000055e88000 	/usr/lib/system/libkeymgr.dylib
0x0000000055e88000 	/usr/lib/system/liblaunch.dylib
0x0000000055e88000 	/usr/lib/system/libmacho.dylib
0x0000000055e88000 	/usr/lib/system/libquarantine.dylib
0x0000000055e88000 	/usr/lib/system/libremovefile.dylib
0x0000000055e88000 	/usr/lib/system/libsystem_asl.dylib
0x0000000055e88000 	/usr/lib/system/libsystem_blocks.dylib
0x0000000055e88000 	/usr/lib/system/libsystem_c.dylib
0x0000000055e88000 	/usr/lib/system/libsystem_configuration.dylib
0x0000000055e88000 	/usr/lib/system/libsystem_coreservices.dylib
0x0000000055e88000 	/usr/lib/system/libsystem_coretls.dylib
0x0000000055e88000 	/usr/lib/system/libsystem_dnssd.dylib
0x0000000055e88000 	/usr/lib/system/libsystem_info.dylib
0x0000000055e88000 	/usr/lib/system/libsystem_kernel.dylib
0x0000000055e88000 	/usr/lib/system/libsystem_m.dylib
0x0000000055e88000 	/usr/lib/system/libsystem_malloc.dylib
0x0000000055e88000 	/usr/lib/system/libsystem_network.dylib
0x0000000055e88000 	/usr/lib/system/libsystem_networkextension.dylib
0x0000000055e88000 	/usr/lib/system/libsystem_notify.dylib
0x0000000055e88000 	/usr/lib/system/libsystem_platform.dylib
0x0000000055e88000 	/usr/lib/system/libsystem_pthread.dylib
0x0000000055e88000 	/usr/lib/system/libsystem_sandbox.dylib
0x0000000055e88000 	/usr/lib/system/libsystem_secinit.dylib
0x0000000055e88000 	/usr/lib/system/libsystem_symptoms.dylib
0x0000000055e88000 	/usr/lib/system/libsystem_trace.dylib
0x0000000055e88000 	/usr/lib/system/libunwind.dylib
0x0000000055e88000 	/usr/lib/system/libxpc.dylib
0x0000000055e88000 	/usr/lib/libbsm.0.dylib
0x0000000055e88000 	/usr/lib/system/libkxld.dylib
0x0000000055e88000 	/usr/lib/libcoretls.dylib
0x0000000055e88000 	/usr/lib/libcoretls_cfhelpers.dylib
0x0000000055e88000 	/usr/lib/libxar.1.dylib
0x0000000055e88000 	/usr/lib/libsqlite3.dylib
0x0000000055e88000 	/usr/lib/libpam.2.dylib
0x0000000055e88000 	/usr/lib/libOpenScriptingUtil.dylib
0x0000000055e88000 	/usr/lib/libbz2.1.0.dylib
0x0000000055e88000 	/usr/lib/liblzma.5.dylib
0x0000000055e88000 	/usr/lib/libnetwork.dylib
0x0000000055e88000 	/usr/lib/libpcap.A.dylib
0x0000000055e88000 	/System/Library/Frameworks/CoreServices.framework/Versions/A/Frameworks/FSEvents.framework/Versions/A/FSEvents
0x0000000055e88000 	/System/Library/Frameworks/CoreServices.framework/Versions/A/Frameworks/CarbonCore.framework/Versions/A/CarbonCore
0x0000000055e88000 	/System/Library/Frameworks/CoreServices.framework/Versions/A/Frameworks/Metadata.framework/Versions/A/Metadata
0x0000000055e88000 	/System/Library/Frameworks/CoreServices.framework/Versions/A/Frameworks/OSServices.framework/Versions/A/OSServices
0x0000000055e88000 	/System/Library/Frameworks/CoreServices.framework/Versions/A/Frameworks/SearchKit.framework/Versions/A/SearchKit
0x0000000055e88000 	/System/Library/Frameworks/CoreServices.framework/Versions/A/Frameworks/AE.framework/Versions/A/AE
0x0000000055e88000 	/System/Library/Frameworks/CoreServices.framework/Versions/A/Frameworks/LaunchServices.framework/Versions/A/LaunchServices
0x0000000055e88000 	/System/Library/Frameworks/CoreServices.framework/Versions/A/Frameworks/DictionaryServices.framework/Versions/A/DictionaryServices
0x0000000055e88000 	/System/Library/Frameworks/CoreServices.framework/Versions/A/Frameworks/SharedFileList.framework/Versions/A/SharedFileList
0x0000000055e88000 	/System/Library/Frameworks/NetFS.framework/Versions/A/NetFS
0x0000000055e88000 	/System/Library/PrivateFrameworks/NetAuth.framework/Versions/A/NetAuth
0x0000000055e88000 	/System/Library/PrivateFrameworks/login.framework/Versions/A/Frameworks/loginsupport.framework/Versions/A/loginsupport
0x0000000055e88000 	/System/Library/PrivateFrameworks/TCC.framework/Versions/A/TCC
0x0000000055e88000 	/usr/lib/libmecabra.dylib
0x0000000055e88000 	/System/Library/Frameworks/ApplicationServices.framework/Versions/A/Frameworks/ATS.framework/Versions/A/ATS
0x0000000055e88000 	/System/Library/Frameworks/ApplicationServices.framework/Versions/A/Frameworks/ColorSync.framework/Versions/A/ColorSync
0x0000000055e88000 	/System/Library/Frameworks/ApplicationServices.framework/Versions/A/Frameworks/HIServices.framework/Versions/A/HIServices
0x0000000055e88000 	/System/Library/Frameworks/ApplicationServices.framework/Versions/A/Frameworks/LangAnalysis.framework/Versions/A/LangAnalysis
0x0000000055e88000 	/System/Library/Frameworks/ApplicationServices.framework/Versions/A/Frameworks/PrintCore.framework/Versions/A/PrintCore
0x0000000055e88000 	/System/Library/Frameworks/ApplicationServices.framework/Versions/A/Frameworks/QD.framework/Versions/A/QD
0x0000000055e88000 	/System/Library/Frameworks/ApplicationServices.framework/Versions/A/Frameworks/SpeechSynthesis.framework/Versions/A/SpeechSynthesis
0x0000000055e88000 	/System/Library/Frameworks/Accelerate.framework/Versions/A/Frameworks/vImage.framework/Versions/A/vImage
0x0000000055e88000 	/System/Library/Frameworks/Accelerate.framework/Versions/A/Frameworks/vecLib.framework/Versions/A/vecLib
0x0000000055e88000 	/System/Library/Frameworks/Accelerate.framework/Versions/A/Frameworks/vecLib.framework/Versions/A/libvDSP.dylib
0x0000000055e88000 	/System/Library/Frameworks/Accelerate.framework/Versions/A/Frameworks/vecLib.framework/Versions/A/libBNNS.dylib
0x0000000055e88000 	/System/Library/Frameworks/Accelerate.framework/Versions/A/Frameworks/vecLib.framework/Versions/A/libQuadrature.dylib
0x0000000055e88000 	/System/Library/Frameworks/Accelerate.framework/Versions/A/Frameworks/vecLib.framework/Versions/A/libvMisc.dylib
0x0000000055e88000 	/System/Library/Frameworks/Accelerate.framework/Versions/A/Frameworks/vecLib.framework/Versions/A/libLAPACK.dylib
0x0000000055e88000 	/System/Library/Frameworks/Accelerate.framework/Versions/A/Frameworks/vecLib.framework/Versions/A/libBLAS.dylib
0x0000000055e88000 	/System/Library/Frameworks/Accelerate.framework/Versions/A/Frameworks/vecLib.framework/Versions/A/libLinearAlgebra.dylib
0x0000000055e88000 	/System/Library/Frameworks/Accelerate.framework/Versions/A/Frameworks/vecLib.framework/Versions/A/libSparseBLAS.dylib
0x0000000055e88000 	/System/Library/Frameworks/ApplicationServices.framework/Versions/A/Frameworks/ATS.framework/Versions/A/Resources/libFontParser.dylib
0x0000000055e88000 	/System/Library/Frameworks/ApplicationServices.framework/Versions/A/Frameworks/ATS.framework/Versions/A/Resources/libFontRegistry.dylib
0x0000000055e88000 	/System/Library/Frameworks/ImageIO.framework/Versions/A/Resources/libJPEG.dylib
0x0000000055e88000 	/System/Library/Frameworks/ImageIO.framework/Versions/A/Resources/libTIFF.dylib
0x0000000055e88000 	/System/Library/Frameworks/ImageIO.framework/Versions/A/Resources/libPng.dylib
0x0000000055e88000 	/System/Library/Frameworks/ImageIO.framework/Versions/A/Resources/libGIF.dylib
0x0000000055e88000 	/System/Library/Frameworks/ImageIO.framework/Versions/A/Resources/libJP2.dylib
0x0000000055e88000 	/System/Library/Frameworks/ImageIO.framework/Versions/A/Resources/libRadiance.dylib
0x0000000055e88000 	/usr/lib/libcompression.dylib
0x0000000055e88000 	/System/Library/PrivateFrameworks/AppleJPEG.framework/Versions/A/AppleJPEG
0x0000000055e88000 	/usr/lib/libcups.2.dylib
0x0000000055e88000 	/System/Library/Frameworks/Kerberos.framework/Versions/A/Kerberos
0x0000000055e88000 	/System/Library/Frameworks/GSS.framework/Versions/A/GSS
0x0000000055e88000 	/usr/lib/libresolv.9.dylib
0x0000000055e88000 	/usr/lib/libiconv.2.dylib
0x0000000055e88000 	/System/Library/PrivateFrameworks/Heimdal.framework/Versions/A/Heimdal
0x0000000055e88000 	/usr/lib/libheimdal-asn1.dylib
0x0000000055e88000 	/System/Library/Frameworks/OpenDirectory.framework/Versions/A/OpenDirectory
0x0000000055e88000 	/System/Library/PrivateFrameworks/CommonAuth.framework/Versions/A/CommonAuth
0x0000000055e88000 	/System/Library/Frameworks/OpenDirectory.framework/Versions/A/Frameworks/CFOpenDirectory.framework/Versions/A/CFOpenDirectory
0x0000000055e88000 	/System/Library/Frameworks/SecurityFoundation.framework/Versions/A/SecurityFoundation
0x0000000055e88000 	/System/Library/PrivateFrameworks/LanguageModeling.framework/Versions/A/LanguageModeling
0x0000000055e88000 	/usr/lib/libmarisa.dylib
0x0000000055e88000 	/usr/lib/libChineseTokenizer.dylib
0x0000000055e88000 	/usr/lib/libcmph.dylib
0x0000000055e88000 	/System/Library/PrivateFrameworks/CoreEmoji.framework/Versions/A/CoreEmoji
0x0000000055e88000 	/System/Library/Frameworks/ServiceManagement.framework/Versions/A/ServiceManagement
0x0000000055e88000 	/usr/lib/libxslt.1.dylib
0x0000000055e88000 	/System/Library/Frameworks/Carbon.framework/Versions/A/Frameworks/Ink.framework/Versions/A/Ink
0x0000000055e88000 	/System/Library/PrivateFrameworks/TextureIO.framework/Versions/A/TextureIO
0x0000000055e88000 	/System/Library/Frameworks/Metal.framework/Versions/A/Metal
0x0000000055e88000 	/usr/lib/libate.dylib
0x0000000055e88000 	/System/Library/PrivateFrameworks/GPUCompiler.framework/libmetal_timestamp.dylib
0x0000000055e88000 	/System/Library/Frameworks/OpenGL.framework/Versions/A/Libraries/libCoreFSCache.dylib
0x0000000055e88000 	/System/Library/PrivateFrameworks/IOAccelerator.framework/Versions/A/IOAccelerator
0x0000000055e88000 	/System/Library/Frameworks/CoreVideo.framework/Versions/A/CoreVideo
0x0000000055e88000 	/usr/lib/libFosl_dynamic.dylib
0x0000000055e88000 	/System/Library/PrivateFrameworks/MetalPerformanceShaders.framework/Versions/A/MetalPerformanceShaders
0x0000000055e88000 	/System/Library/PrivateFrameworks/FaceCore.framework/Versions/A/FaceCore
0x0000000055e88000 	/System/Library/Frameworks/OpenCL.framework/Versions/A/OpenCL
0x0000000055e88000 	/System/Library/Frameworks/OpenGL.framework/Versions/A/Libraries/libGLU.dylib
0x0000000055e88000 	/System/Library/Frameworks/OpenGL.framework/Versions/A/Libraries/libGFXShared.dylib
0x0000000055e88000 	/System/Library/Frameworks/OpenGL.framework/Versions/A/Libraries/libGL.dylib
0x0000000055e88000 	/System/Library/Frameworks/OpenGL.framework/Versions/A/Libraries/libGLImage.dylib
0x0000000055e88000 	/System/Library/Frameworks/OpenGL.framework/Versions/A/Libraries/libCVMSPluginSupport.dylib
0x0000000055e88000 	/System/Library/Frameworks/OpenGL.framework/Versions/A/Libraries/libCoreVMClient.dylib
0x0000000055e88000 	/System/Library/PrivateFrameworks/CrashReporterSupport.framework/Versions/A/CrashReporterSupport
0x0000000055e88000 	/System/Library/PrivateFrameworks/Sharing.framework/Versions/A/Sharing
0x0000000055e88000 	/System/Library/PrivateFrameworks/IconServices.framework/Versions/A/IconServices
0x0000000055e88000 	/System/Library/PrivateFrameworks/ProtocolBuffer.framework/Versions/A/ProtocolBuffer
0x0000000055e88000 	/System/Library/PrivateFrameworks/Apple80211.framework/Versions/A/Apple80211
0x0000000055e88000 	/System/Library/Frameworks/CoreWLAN.framework/Versions/A/CoreWLAN
0x0000000055e88000 	/System/Library/PrivateFrameworks/CoreUtils.framework/Versions/A/CoreUtils
0x0000000055e88000 	/System/Library/Frameworks/IOBluetooth.framework/Versions/A/IOBluetooth
0x0000000055e88000 	/System/Library/PrivateFrameworks/CoreWiFi.framework/Versions/A/CoreWiFi
0x0000000055e88000 	/System/Library/Frameworks/CoreBluetooth.framework/Versions/A/CoreBluetooth
0x0000000055e88000 	/System/Library/Frameworks/CoreDisplay.framework/Versions/A/CoreDisplay
0x0000000055e88000 	/System/Library/PrivateFrameworks/IOPresentment.framework/Versions/A/IOPresentment
0x0000000055e88000 	/System/Library/PrivateFrameworks/DebugSymbols.framework/Versions/A/DebugSymbols
0x0000000055e88000 	/System/Library/PrivateFrameworks/CoreSymbolication.framework/Versions/A/CoreSymbolication
0x0000000055e88000 	/System/Library/PrivateFrameworks/Symbolication.framework/Versions/A/Symbolication
0x0000000055e88000 	/System/Library/PrivateFrameworks/AppleFSCompression.framework/Versions/A/AppleFSCompression
0x0000000055e88000 	/System/Library/PrivateFrameworks/SpeechRecognitionCore.framework/Versions/A/SpeechRecognitionCore
0x0000000055e88000 	/System/Library/PrivateFrameworks/ChunkingLibrary.framework/Versions/A/ChunkingLibrary
0x000000010a63c000 	/Library/Java/JavaVirtualMachines/jdk1.8.0_25.jdk/Contents/Home/jre/lib/server/libjvm.dylib
0x0000000055e88000 	/usr/lib/libstdc++.6.dylib
0x000000010b558000 	/Library/Java/JavaVirtualMachines/jdk1.8.0_25.jdk/Contents/Home/jre/lib/libverify.dylib
0x000000010b566000 	/Library/Java/JavaVirtualMachines/jdk1.8.0_25.jdk/Contents/Home/jre/lib/libjava.dylib
0x000000010b5a4000 	/Library/Java/JavaVirtualMachines/jdk1.8.0_25.jdk/Contents/Home/jre/lib/libzip.dylib
0x000000011270f000 	/System/Library/Frameworks/JavaVM.framework/Frameworks/JavaRuntimeSupport.framework/JavaRuntimeSupport
0x0000000112729000 	/System/Library/Frameworks/JavaVM.framework/Versions/A/Frameworks/JavaNativeFoundation.framework/Versions/A/JavaNativeFoundation
0x000000011273e000 	/System/Library/Frameworks/JavaVM.framework/Versions/A/JavaVM
0x0000000055e88000 	/System/Library/Frameworks/Carbon.framework/Versions/A/Carbon
0x000000011274b000 	/System/Library/PrivateFrameworks/JavaLaunching.framework/Versions/A/JavaLaunching
0x0000000055e88000 	/System/Library/Frameworks/Carbon.framework/Versions/A/Frameworks/CommonPanels.framework/Versions/A/CommonPanels
0x0000000055e88000 	/System/Library/Frameworks/Carbon.framework/Versions/A/Frameworks/Help.framework/Versions/A/Help
0x0000000055e88000 	/System/Library/Frameworks/Carbon.framework/Versions/A/Frameworks/ImageCapture.framework/Versions/A/ImageCapture
0x0000000055e88000 	/System/Library/Frameworks/Carbon.framework/Versions/A/Frameworks/OpenScripting.framework/Versions/A/OpenScripting
0x0000000055e88000 	/System/Library/Frameworks/Carbon.framework/Versions/A/Frameworks/Print.framework/Versions/A/Print
0x0000000055e88000 	/System/Library/Frameworks/Carbon.framework/Versions/A/Frameworks/SecurityHI.framework/Versions/A/SecurityHI
0x00000001140e7000 	/Library/Java/JavaVirtualMachines/jdk1.8.0_25.jdk/Contents/Home/jre/lib/libprism_es2.dylib
0x0000000055e88000 	/System/Library/Frameworks/OpenGL.framework/Versions/A/Resources/GLEngine.bundle/GLEngine
0x0000000055e88000 	/System/Library/Frameworks/OpenGL.framework/Versions/A/Libraries/libGLProgrammability.dylib
0x0000000114146000 	/System/Library/Extensions/AppleIntelHD5000GraphicsGLDriver.bundle/Contents/MacOS/AppleIntelHD5000GraphicsGLDriver
0x0000000055e88000 	/System/Library/PrivateFrameworks/GPUSupport.framework/Versions/A/Libraries/libGPUSupportMercury.dylib
0x0000000055e88000 	/System/Library/Frameworks/OpenGL.framework/Versions/A/Resources/GLRendererFloat.bundle/GLRendererFloat
0x0000000055e88000 	/System/Library/Frameworks/OpenCL.framework/Versions/A/Libraries/libcldcpuengine.dylib
0x0000000055e88000 	/usr/lib/libcrypto.0.9.8.dylib
0x0000000055e88000 	/System/Library/PrivateFrameworks/TrustEvaluationAgent.framework/Versions/A/TrustEvaluationAgent
0x0000000114cf8000 	/Library/Java/JavaVirtualMachines/jdk1.8.0_25.jdk/Contents/Home/jre/lib/libglass.dylib
0x0000000055e88000 	/System/Library/PrivateFrameworks/CoreServicesInternal.framework/Versions/A/CoreServicesInternal
0x0000000055e88000 	/System/Library/CoreServices/RawCamera.bundle/Contents/MacOS/RawCamera
0x0000000055e88000 	/System/Library/Frameworks/Accelerate.framework/Versions/A/Frameworks/vImage.framework/Versions/A/Libraries/libCGInterfaces.dylib
0x0000000055e88000 	/System/Library/PrivateFrameworks/FamilyControls.framework/Versions/A/FamilyControls
0x0000000055e88000 	/System/Library/PrivateFrameworks/CommerceKit.framework/Versions/A/Frameworks/CommerceCore.framework/Versions/A/CommerceCore
0x0000000055e88000 	/System/Library/PrivateFrameworks/SystemAdministration.framework/Versions/A/SystemAdministration
0x0000000055e88000 	/System/Library/PrivateFrameworks/AppContainer.framework/Versions/A/AppContainer
0x0000000055e88000 	/System/Library/PrivateFrameworks/SecCodeWrapper.framework/Versions/A/SecCodeWrapper
0x0000000055e88000 	/System/Library/Frameworks/DirectoryService.framework/Versions/A/DirectoryService
0x0000000055e88000 	/System/Library/PrivateFrameworks/DiskImages.framework/Versions/A/DiskImages
0x0000000055e88000 	/System/Library/PrivateFrameworks/LoginUIKit.framework/Versions/A/Frameworks/LoginUICore.framework/Versions/A/LoginUICore
0x0000000055e88000 	/usr/lib/libCoreStorage.dylib
0x0000000055e88000 	/usr/lib/libcsfde.dylib
0x0000000055e88000 	/usr/lib/libodfde.dylib
0x0000000055e88000 	/System/Library/Frameworks/DiscRecording.framework/Versions/A/DiscRecording
0x0000000055e88000 	/usr/lib/libcurl.4.dylib
0x0000000055e88000 	/System/Library/PrivateFrameworks/MediaKit.framework/Versions/A/MediaKit
0x0000000055e88000 	/System/Library/PrivateFrameworks/ProtectedCloudStorage.framework/Versions/A/ProtectedCloudStorage
0x0000000055e88000 	/System/Library/PrivateFrameworks/EFILogin.framework/Versions/A/EFILogin
0x0000000055e88000 	/usr/lib/libutil.dylib
0x0000000055e88000 	/System/Library/Frameworks/LDAP.framework/Versions/A/LDAP
0x0000000055e88000 	/usr/lib/libsasl2.2.dylib
0x0000000055e88000 	/System/Library/PrivateFrameworks/CoreDaemon.framework/Versions/B/CoreDaemon
0x0000000055e88000 	/System/Library/PrivateFrameworks/AppleSRP.framework/Versions/A/AppleSRP
0x0000000055e88000 	/System/Library/PrivateFrameworks/APFS.framework/Versions/A/APFS
0x0000000115065000 	/Library/Java/JavaVirtualMachines/jdk1.8.0_25.jdk/Contents/Home/jre/lib/libjavafx_font.dylib
0x0000000055e88000 	/System/Library/Frameworks/ApplicationServices.framework/Versions/A/Frameworks/ATS.framework/Versions/A/Resources/libTrueTypeScaler.dylib
0x0000000128bce000 	/System/Library/Extensions/AppleIntelHD5000GraphicsMTLDriver.bundle/Contents/MacOS/AppleIntelHD5000GraphicsMTLDriver
0x0000000128fcb000 	/Library/Java/JavaVirtualMachines/jdk1.8.0_25.jdk/Contents/Home/jre/lib/libprism_common.dylib
0x0000000055e88000 	/System/Library/PrivateFrameworks/ViewBridge.framework/Versions/A/ViewBridge
0x0000000055e88000 	/System/Library/PrivateFrameworks/XPCService.framework/Versions/A/XPCService
0x0000000055e88000 	/System/Library/PrivateFrameworks/AppSandbox.framework/Versions/A/AppSandbox
0x0000000055e88000 	/usr/lib/libsandbox.1.dylib
0x0000000055e88000 	/usr/lib/libMatch.1.dylib
0x000000012a1fa000 	/Library/Java/JavaVirtualMachines/jdk1.8.0_25.jdk/Contents/Home/jre/lib/libsunec.dylib
0x000000012a222000 	/Library/Java/JavaVirtualMachines/jdk1.8.0_25.jdk/Contents/Home/jre/lib/libnet.dylib
0x000000012a239000 	/Library/Java/JavaVirtualMachines/jdk1.8.0_25.jdk/Contents/Home/jre/lib/libjsound.dylib
0x000000012a84d000 	/System/Library/Frameworks/CoreMIDI.framework/Versions/A/CoreMIDI
0x000000012a8b4000 	/usr/lib/libexpat.1.dylib
0x0000000129fec000 	/System/Library/Extensions/AppleHDA.kext/Contents/PlugIns/AppleHDAHALPlugIn.bundle/Contents/MacOS/AppleHDAHALPlugIn
0x000000012a8ea000 	/System/Library/Components/CoreAudio.component/Contents/MacOS/CoreAudio

VM Arguments:
jvm_args: -Dfile.encoding=UTF-8 
java_command: GUI
java_class_path (initial): /Users/Josh/Documents/workspace/Wats Up/target/classes:/Users/Josh/.m2/repository/com/ibm/watson/developer_cloud/java-sdk/2.9.0/java-sdk-2.9.0.jar:/Users/Josh/.m2/repository/com/squareup/okhttp/okhttp/2.7.2/okhttp-2.7.2.jar:/Users/Josh/.m2/repository/com/squareup/okio/okio/1.6.0/okio-1.6.0.jar:/Users/Josh/.m2/repository/com/google/code/gson/gson/2.6.2/gson-2.6.2.jar:/Users/Josh/.m2/repository/org/apache/commons/commons-lang3/3.4/commons-lang3-3.4.jar:/Users/Josh/.m2/repository/com/neovisionaries/nv-websocket-client/1.22/nv-websocket-client-1.22.jar
Launcher Type: SUN_STANDARD

Environment Variables:
PATH=/usr/bin:/bin:/usr/sbin:/sbin
SHELL=/bin/bash
DISPLAY=/private/tmp/com.apple.launchd.dPGMKGRGlD/org.macosforge.xquartz:0

Signal Handlers:
SIGSEGV: [libjvm.dylib+0x579dc7], sa_mask[0]=11111111011111110111111111111111, sa_flags=SA_ONSTACK|SA_RESTART|SA_SIGINFO
SIGBUS: [libjvm.dylib+0x579dc7], sa_mask[0]=11111111011111110111111111111111, sa_flags=SA_RESTART|SA_SIGINFO
SIGFPE: [libjvm.dylib+0x45b030], sa_mask[0]=11111111011111110111111111111111, sa_flags=SA_RESTART|SA_SIGINFO
SIGPIPE: [libjvm.dylib+0x45b030], sa_mask[0]=11111111011111110111111111111111, sa_flags=SA_RESTART|SA_SIGINFO
SIGXFSZ: [libjvm.dylib+0x45b030], sa_mask[0]=11111111011111110111111111111111, sa_flags=SA_RESTART|SA_SIGINFO
SIGILL: [libjvm.dylib+0x45b030], sa_mask[0]=11111111011111110111111111111111, sa_flags=SA_RESTART|SA_SIGINFO
SIGUSR1: SIG_DFL, sa_mask[0]=00000000000000000000000000000000, sa_flags=none
SIGUSR2: [libjvm.dylib+0x45ab4e], sa_mask[0]=00100000000000000000000000000000, sa_flags=SA_RESTART|SA_SIGINFO
SIGHUP: [libjvm.dylib+0x459121], sa_mask[0]=11111111011111110111111111111111, sa_flags=SA_RESTART|SA_SIGINFO
SIGINT: [libjvm.dylib+0x459121], sa_mask[0]=11111111011111110111111111111111, sa_flags=SA_RESTART|SA_SIGINFO
SIGTERM: [libjvm.dylib+0x459121], sa_mask[0]=11111111011111110111111111111111, sa_flags=SA_RESTART|SA_SIGINFO
SIGQUIT: [libjvm.dylib+0x459121], sa_mask[0]=11111111011111110111111111111111, sa_flags=SA_RESTART|SA_SIGINFO


---------------  S Y S T E M  ---------------

OS:Bsduname:Darwin 16.0.0 Darwin Kernel Version 16.0.0: Mon Aug 29 17:56:20 PDT 2016; root:xnu-3789.1.32~3/RELEASE_X86_64 x86_64
rlimit: STACK 8192k, CORE 0k, NPROC 709, NOFILE 10240, AS infinity
load average:2.39 4.45 4.03

CPU:total 4 (2 cores per cpu, 2 threads per core) family 6 model 69 stepping 1, cmov, cx8, fxsr, mmx, sse, sse2, sse3, ssse3, sse4.1, sse4.2, popcnt, avx, avx2, aes, clmul, erms, lzcnt, ht, tsc, tscinvbit, bmi1, bmi2

Memory: 4k page, physical 8388608k(1965072k free)

/proc/meminfo:


vm_info: Java HotSpot(TM) 64-Bit Server VM (25.25-b02) for bsd-amd64 JRE (1.8.0_25-b17), built on Sep 17 2014 16:56:50 by "java_re" with gcc 4.2.1 (Based on Apple Inc. build 5658) (LLVM build 2336.11.00)

time: Thu Oct 13 09:10:17 2016
elapsed time: 386 seconds (0d 0h 6m 26s)

